Mplus VERSION 8
MUTHEN & MUTHEN
12/22/2021   7:03 PM

INPUT INSTRUCTIONS

  TITLE:
  Mplus-files/fit_uSeed-13337_N-100_T-100_type-resid.fixed_Rep-1
  DATA:
  FILE = "Mplus-files/fit_uSeed-13337_N-100_T-100_type-resid.fixed_Rep-1.dat";

  VARIABLE:
  NAMES = subject t x;
   MISSING=.;
   CLUSTER = subject;
  LAGGED = x(1);
  TINTERVAL = t(1);
  ANALYSIS:
  TYPE = TWOLEVEL RANDOM;
  ESTIMATOR = BAYES;
  PROCESSORS = 1;
   CHAINS = 2;
   THIN = 5;
  BITERATIONS = 5000(2000);
  MODEL:
  %WITHIN%
  phi | x ON x&1;
  %BETWEEN%
  x phi WITH x phi;
  OUTPUT:
  TECH1 TECH2 TECH3 TECH8 FSCOMPARISON STANDARDIZED STDYX STDY;
  PLOT:
  TYPE = PLOT3;
  FACTORS = ALL (500);



INPUT READING TERMINATED NORMALLY




Mplus-files/fit_uSeed-13337_N-100_T-100_type-resid.fixed_Rep-1

SUMMARY OF ANALYSIS

Number of groups                                                 1
Number of observations                                       10000

Number of dependent variables                                    1
Number of independent variables                                  1
Number of continuous latent variables                            1

Observed dependent variables

  Continuous
   X

Observed independent variables
   X&1

Continuous latent variables
   PHI

Variables with special functions

  Cluster variable      SUBJECT

  Within variables
   X&1


Estimator                                                    BAYES
Specifications for Bayesian Estimation
  Point estimate                                            MEDIAN
  Number of Markov chain Monte Carlo (MCMC) chains               2
  Random seed for the first chain                                0
  Starting value information                           UNPERTURBED
  Treatment of categorical mediator                         LATENT
  Algorithm used for Markov chain Monte Carlo           GIBBS(PX1)
  Convergence criterion                                  0.500D-01
  Maximum number of iterations                                5000
  K-th iteration used for thinning                               5
Specifications for Bayes Factor Score Estimation
  Number of imputed data sets                                  500
  Iteration intervals for thinning                               1

Input data file(s)
  Mplus-files/fit_uSeed-13337_N-100_T-100_type-resid.fixed_Rep-1.dat
Input data format  FREE


SUMMARY OF DATA

     Number of clusters                        100

       Size (s)    Cluster ID with Size s

        100        1 2 3 4 5 6 7 8 9 10 11 12 13 14 15 16 17 18 19 20 21
                   22 23 24 25 26 27 28 29 30 31 32 33 34 35 36 37 38 39
                   40 41 42 43 44 45 46 47 48 49 50 51 52 53 54 55 56 57
                   58 59 60 61 62 63 64 65 66 67 68 69 70 71 72 73 74 75
                   76 77 78 79 80 81 82 83 84 85 86 87 88 89 90 91 92 93
                   94 95 96 97 98 99 100



SUMMARY OF MISSING DATA PATTERNS

     Number of missing data patterns             2


     MISSING DATA PATTERNS (x = not missing)

           1  2
 X         x  x
 X&1       x


     MISSING DATA PATTERN FREQUENCIES

    Pattern   Frequency     Pattern   Frequency
          1        9900           2         100


COVARIANCE COVERAGE OF DATA

Minimum covariance coverage value   0.100


     PROPORTION OF DATA PRESENT


           Covariance Coverage
              X
              ________
 X              1.000



UNIVARIATE SAMPLE STATISTICS


     UNIVARIATE HIGHER-ORDER MOMENT DESCRIPTIVE STATISTICS

         Variable/         Mean/     Skewness/   Minimum/ % with                Percentiles
        Sample Size      Variance    Kurtosis    Maximum  Min/Max      20%/60%    40%/80%    Median

     X                     1.890       0.735      -5.383    0.01%       0.255      1.173      1.613
           10000.000       3.964       0.617      10.447    0.01%       2.076      3.354


THE MODEL ESTIMATION TERMINATED NORMALLY

     USE THE FBITERATIONS OPTION TO INCREASE THE NUMBER OF ITERATIONS BY A FACTOR
     OF AT LEAST TWO TO CHECK CONVERGENCE AND THAT THE PSR VALUE DOES NOT INCREASE.



MODEL FIT INFORMATION

Number of Free Parameters                               6

Information Criteria

          Deviance (DIC)                        28672.981
          Estimated Number of Parameters (pD)     142.880



MODEL RESULTS

                                Posterior  One-Tailed         95% C.I.
                    Estimate       S.D.      P-Value   Lower 2.5%  Upper 2.5%  Significance

Within Level

 Residual Variances
    X                  1.015       0.015      0.000       0.986       1.043      *

Between Level

 X        WITH
    PHI               -0.028       0.019      0.066      -0.069       0.008

 Means
    X                  1.893       0.169      0.000       1.556       2.219      *
    PHI                0.415       0.011      0.000       0.393       0.436      *

 Variances
    X                  2.912       0.443      0.000       2.213       3.952      *
    PHI                0.002       0.001      0.000       0.001       0.006      *


STANDARDIZED MODEL RESULTS


STDYX Standardization

                                Posterior  One-Tailed         95% C.I.
                    Estimate       S.D.      P-Value   Lower 2.5%  Upper 2.5%  Significance

Within-Level Standardized Estimates Averaged Over Clusters

 PHI | X ON
    X&1                0.416       0.010      0.000       0.397       0.435      *

 Residual Variances
    X                  0.825       0.008      0.000       0.809       0.840      *

Between Level

 X        WITH
    PHI               -0.347       0.215      0.066      -0.748       0.088

 Means
    X                  1.110       0.127      0.000       0.860       1.353      *
    PHI                8.454       2.192      0.000       5.407      13.678      *

 Variances
    X                  1.000       0.000      0.000       1.000       1.000
    PHI                1.000       0.000      0.000       1.000       1.000


STDY Standardization

                                Posterior  One-Tailed         95% C.I.
                    Estimate       S.D.      P-Value   Lower 2.5%  Upper 2.5%  Significance

Within-Level Standardized Estimates Averaged Over Clusters

 PHI | X ON
    X&1                0.373       0.007      0.000       0.358       0.388      *

 Residual Variances
    X                  0.825       0.008      0.000       0.809       0.840      *

Between Level

 X        WITH
    PHI               -0.347       0.215      0.066      -0.748       0.088

 Means
    X                  1.110       0.127      0.000       0.860       1.353      *
    PHI                8.454       2.192      0.000       5.407      13.678      *

 Variances
    X                  1.000       0.000      0.000       1.000       1.000
    PHI                1.000       0.000      0.000       1.000       1.000


R-SQUARE

Within-Level R-Square Averaged Across Clusters

                                Posterior  One-Tailed         95% C.I.
    Variable        Estimate       S.D.      P-Value   Lower 2.5%  Upper 2.5%

    X                  0.175       0.008      0.000       0.160       0.191

Between Level



 BETWEEN-LEVEL FACTOR SCORE COMPARISONS

 Results for Factor PHI

 Ranking  Cluster    Factor Score     Ranking  Cluster    Factor Score     Ranking  Cluster    Factor Score
     1        57          0.480           2        56          0.476           3        69          0.473
     4        64          0.459           5        23          0.455           6        97          0.455
     7         3          0.450           8        84          0.446           9        73          0.445
    10        99          0.442          11        82          0.442          12        14          0.442
    13        20          0.442          14        62          0.441          15        92          0.440
    16        76          0.440          17        60          0.439          18        65          0.438
    19        83          0.438          20        18          0.436          21        85          0.435
    22        17          0.435          23        72          0.435          24        74          0.433
    25        58          0.433          26         4          0.432          27       100          0.431
    28         8          0.431          29        42          0.430          30        59          0.430
    31        26          0.429          32        24          0.429          33        33          0.429
    34        67          0.428          35        68          0.427          36         5          0.426
    37        61          0.426          38        25          0.426          39        63          0.424
    40        13          0.424          41        12          0.424          42        49          0.423
    43        93          0.422          44        30          0.421          45        89          0.420
    46        87          0.420          47        80          0.419          48        10          0.419
    49        90          0.419          50        27          0.419          51        16          0.418
    52         7          0.418          53        48          0.418          54        91          0.418
    55        46          0.417          56        29          0.417          57        54          0.417
    58        45          0.417          59        43          0.416          60         9          0.415
    61        52          0.415          62        75          0.415          63        81          0.415
    64        28          0.414          65        95          0.413          66        21          0.412
    67        47          0.412          68        15          0.409          69        39          0.408
    70        78          0.407          71        53          0.405          72        22          0.404
    73        50          0.401          74        37          0.401          75        40          0.398
    76        51          0.398          77         6          0.398          78        11          0.395
    79        31          0.395          80        77          0.394          81        94          0.394
    82        36          0.393          83         2          0.393          84        38          0.392
    85        44          0.390          86        41          0.388          87        34          0.388
    88        98          0.385          89        71          0.385          90        55          0.385
    91        35          0.384          92         1          0.373          93        86          0.371
    94        79          0.370          95        96          0.370          96        19          0.370
    97        70          0.362          98        88          0.358          99        32          0.354
   100        66          0.346

 Results for X (referred to as plausible label B_X)

 Ranking  Cluster    Factor Score     Ranking  Cluster    Factor Score     Ranking  Cluster    Factor Score
     1        88          7.508           2        35          6.865           3        11          6.243
     4        32          5.802           5        55          5.411           6        71          5.333
     7        96          5.258           8         1          5.013           9        44          4.939
    10        66          4.536          11        86          4.473          12        81          4.215
    13        19          4.077          14        95          3.675          15        79          3.578
    16        53          3.086          17        70          3.071          18        38          2.964
    19        82          2.920          20        62          2.816          21        54          2.722
    22        39          2.666          23        90          2.648          24        25          2.635
    25        60          2.491          26        30          2.455          27        48          2.448
    28        43          2.435          29        89          2.430          30        61          2.398
    31        94          2.392          32        45          2.380          33         7          2.342
    34        16          2.325          35        36          2.253          36        29          2.210
    37        59          2.143          38        24          2.108          39        22          2.093
    40        41          2.071          41        31          1.874          42        64          1.845
    43        93          1.796          44        28          1.775          45        98          1.770
    46        74          1.737          47        56          1.570          48        77          1.559
    49        12          1.452          50        18          1.417          51        33          1.364
    52        13          1.344          53        34          1.284          54        78          1.274
    55        27          1.155          56         4          1.133          57         2          1.107
    58        97          1.060          59        47          1.053          60        46          1.015
    61        21          0.997          62         3          0.951          63        37          0.934
    64        10          0.925          65        72          0.904          66        23          0.882
    67       100          0.808          68        68          0.772          69         6          0.751
    70        99          0.710          71        92          0.710          72        73          0.691
    73         8          0.688          74        42          0.688          75        52          0.675
    76        80          0.669          77         5          0.630          78        69          0.597
    79         9          0.549          80        91          0.540          81        51          0.523
    82        67          0.523          83        85          0.522          84        49          0.497
    85        20          0.473          86        14          0.467          87        63          0.411
    88        65          0.391          89        40          0.373          90        26          0.324
    91        76          0.318          92        15          0.311          93        87          0.307
    94        50          0.243          95        75          0.188          96        17          0.114
    97        58          0.040          98        57         -0.017          99        83         -0.072
   100        84         -0.122


TECHNICAL 1 OUTPUT


     PARAMETER SPECIFICATION FOR WITHIN


           NU
              X             X&1
              ________      ________
                    0             0


           LAMBDA
              X             X&1
              ________      ________
 X                  0             0
 X&1                0             0


           THETA
              X             X&1
              ________      ________
 X                  0
 X&1                0             0


           ALPHA
              X             X&1
              ________      ________
                    0             0


           BETA
              X             X&1
              ________      ________
 X                  0             0
 X&1                0             0


           PSI
              X             X&1
              ________      ________
 X                  1
 X&1                0             0


     PARAMETER SPECIFICATION FOR BETWEEN


           NU
              X
              ________
                    0


           LAMBDA
              PHI           X
              ________      ________
 X                  0             0


           THETA
              X
              ________
 X                  0


           ALPHA
              PHI           X
              ________      ________
                    2             3


           BETA
              PHI           X
              ________      ________
 PHI                0             0
 X                  0             0


           PSI
              PHI           X
              ________      ________
 PHI                4
 X                  5             6


     STARTING VALUES FOR WITHIN


           NU
              X             X&1
              ________      ________
                0.000         0.000


           LAMBDA
              X             X&1
              ________      ________
 X              1.000         0.000
 X&1            0.000         1.000


           THETA
              X             X&1
              ________      ________
 X              0.000
 X&1            0.000         0.000


           ALPHA
              X             X&1
              ________      ________
                0.000         0.000


           BETA
              X             X&1
              ________      ________
 X              0.000         0.000
 X&1            0.000         0.000


           PSI
              X             X&1
              ________      ________
 X              1.982
 X&1            0.000         1.980


     STARTING VALUES FOR BETWEEN


           NU
              X
              ________
                0.000


           LAMBDA
              PHI           X
              ________      ________
 X              0.000         1.000


           THETA
              X
              ________
 X              0.000


           ALPHA
              PHI           X
              ________      ________
                0.000         1.890


           BETA
              PHI           X
              ________      ________
 PHI            0.000         0.000
 X              0.000         0.000


           PSI
              PHI           X
              ________      ________
 PHI            1.000
 X              0.000         1.982



     PRIORS FOR ALL PARAMETERS            PRIOR MEAN      PRIOR VARIANCE     PRIOR STD. DEV.

     Parameter 1~IG(-1.000,0.000)          infinity            infinity            infinity
     Parameter 2~N(0.000,infinity)           0.0000            infinity            infinity
     Parameter 3~N(0.000,infinity)           0.0000            infinity            infinity
     Parameter 4~IW(0.000,-3)              infinity            infinity            infinity
     Parameter 5~IW(0.000,-3)              infinity            infinity            infinity
     Parameter 6~IW(0.000,-3)              infinity            infinity            infinity


TECHNICAL 2 OUTPUT


TECHNICAL 3 OUTPUT


           ESTIMATED COVARIANCE MATRIX FOR PARAMETER ESTIMATES
                     1             2             3             4             5
              ________      ________      ________      ________      ________
        1   0.216742D-03
        2  -0.526407D-06  0.119492D-03
        3   0.518635D-05 -0.260423D-03  0.286211D-01
        4  -0.101509D-05 -0.158286D-05  0.330680D-05  0.169844D-05
        5  -0.404599D-05  0.472623D-05 -0.114698D-03 -0.537538D-05  0.363994D-03
        6  -0.248792D-03 -0.186651D-04  0.159577D-02  0.364078D-04 -0.206035D-02


           ESTIMATED COVARIANCE MATRIX FOR PARAMETER ESTIMATES
                     6
              ________
        6   0.196165D+00


           ESTIMATED CORRELATION MATRIX FOR PARAMETER ESTIMATES
                     1             2             3             4             5
              ________      ________      ________      ________      ________
        1       1.000
        2      -0.003         1.000
        3       0.002        -0.141         1.000
        4      -0.053        -0.111         0.015         1.000
        5      -0.014         0.023        -0.036        -0.216         1.000
        6      -0.038        -0.004         0.021         0.063        -0.244


           ESTIMATED CORRELATION MATRIX FOR PARAMETER ESTIMATES
                     6
              ________
        6       1.000


TECHNICAL 8 OUTPUT



     Kolmogorov-Smirnov comparing posterior distributions across chains 1 and 2 using 100 draws.





     Parameter   KS Statistic P-value
     Parameter 3    0.1200    0.4431
     Parameter 6    0.1000    0.6766
     Parameter 1    0.0200    1.0000
     Parameter 5    0.0100    1.0000
     Parameter 2    0.0000    1.0000
     Parameter 4    0.0000    1.0000



     Simulated prior distributions

     Parameter       Prior Mean  Prior Variance  Prior Std. Dev.


     Parameter 1 Improper Prior
     Parameter 2 Improper Prior
     Parameter 3 Improper Prior
     Parameter 4 Improper Prior
     Parameter 5 Improper Prior
     Parameter 6 Improper Prior


   TECHNICAL 8 OUTPUT FOR BAYES ESTIMATION

     CHAIN    BSEED
     1        0
     2        285380

                     POTENTIAL       PARAMETER WITH
     ITERATION    SCALE REDUCTION      HIGHEST PSR
     100              1.000               2
     200              1.041               5
     300              1.008               3
     400              1.006               3
     500              1.014               2
     600              1.011               2
     700              1.005               2
     800              1.001               3
     900              1.001               3
     1000             1.000               2
     1100             1.000               2
     1200             1.000               2
     1300             1.003               5
     1400             1.003               5
     1500             1.000               5
     1600             1.001               2
     1700             1.000               1
     1800             1.001               3
     1900             1.002               3
     2000             1.001               1


SUMMARIES OF PLAUSIBLE VALUES (N = NUMBER OF OBSERVATIONS * NUMBER OF IMPUTATIONS)


     SAMPLE STATISTICS


           Means
              PHI           B_X
              ________      ________
                0.416         1.889


           Covariances
              PHI           B_X
              ________      ________
 PHI            0.003
 B_X           -0.027         2.736


           Correlations
              PHI           B_X
              ________      ________
 PHI            1.000
 B_X           -0.323         1.000


SUMMARY OF PLAUSIBLE STANDARD DEVIATION (N = NUMBER OF OBSERVATIONS)


     SAMPLE STATISTICS


           Means
              PHI_SD        B_X_SD
              ________      ________
                0.044         0.173


           Covariances
              PHI_SD        B_X_SD
              ________      ________
 PHI_SD         0.000
 B_X_SD         0.000         0.000


           Correlations
              PHI_SD        B_X_SD
              ________      ________
 PHI_SD         1.000
 B_X_SD        -0.413         1.000


PLOT INFORMATION

The following plots are available:

  Histograms (sample values, estimated factor scores)
  Scatterplots (sample values, estimated factor scores)
  Between-level histograms (sample values, sample/estimated means/variances, estimated factor scores)
  Between-level scatterplots (sample values, sample/estimated means/variances, estimated factor scores)
  Time series plots (sample values, ACF, PACF, estimated factor scores)
  Bayesian posterior parameter distributions
  Bayesian posterior parameter trace plots
  Bayesian autocorrelation plots
  Latent variable distribution plots

     Beginning Time:  19:03:05
        Ending Time:  20:23:10
       Elapsed Time:  01:20:05



MUTHEN & MUTHEN
3463 Stoner Ave.
Los Angeles, CA  90066

Tel: (310) 391-9971
Fax: (310) 391-8971
Web: www.StatModel.com
Support: Support@StatModel.com

Copyright (c) 1998-2017 Muthen & Muthen
