Mplus VERSION 8
MUTHEN & MUTHEN
12/22/2021   5:32 PM

INPUT INSTRUCTIONS

  TITLE:
  Mplus-files/fit_uSeed-13330_N-100_T-100_type-resid.random_Rep-1
  DATA:
  FILE = "Mplus-files/fit_uSeed-13330_N-100_T-100_type-resid.random_Rep-1.dat";

  VARIABLE:
  NAMES = subject t x;
   MISSING=.;
   CLUSTER = subject;
  LAGGED = x(1);
  TINTERVAL = t(1);
  ANALYSIS:
  TYPE = TWOLEVEL RANDOM;
  ESTIMATOR = BAYES;
  PROCESSORS = 1;
   CHAINS = 2;
   THIN = 5;
  BITERATIONS = 5000(2000);
  MODEL:
  %WITHIN%
  phi | x ON x&1;
  logv | x;
  %BETWEEN%
  x phi logv WITH x phi logv;
  OUTPUT:
  TECH1 TECH2 TECH3 TECH8 FSCOMPARISON STANDARDIZED STDYX STDY;
  PLOT:
  TYPE = PLOT3;
  FACTORS = ALL (500);



INPUT READING TERMINATED NORMALLY




Mplus-files/fit_uSeed-13330_N-100_T-100_type-resid.random_Rep-1

SUMMARY OF ANALYSIS

Number of groups                                                 1
Number of observations                                       10000

Number of dependent variables                                    1
Number of independent variables                                  1
Number of continuous latent variables                            2

Observed dependent variables

  Continuous
   X

Observed independent variables
   X&1

Continuous latent variables
   PHI         LOGV

Variables with special functions

  Cluster variable      SUBJECT

  Within variables
   X&1


Estimator                                                    BAYES
Specifications for Bayesian Estimation
  Point estimate                                            MEDIAN
  Number of Markov chain Monte Carlo (MCMC) chains               2
  Random seed for the first chain                                0
  Starting value information                           UNPERTURBED
  Treatment of categorical mediator                         LATENT
  Algorithm used for Markov chain Monte Carlo           GIBBS(PX1)
  Convergence criterion                                  0.500D-01
  Maximum number of iterations                                5000
  K-th iteration used for thinning                               5
Specifications for Bayes Factor Score Estimation
  Number of imputed data sets                                  500
  Iteration intervals for thinning                               1

Input data file(s)
  Mplus-files/fit_uSeed-13330_N-100_T-100_type-resid.random_Rep-1.dat
Input data format  FREE


SUMMARY OF DATA

     Number of clusters                        100

       Size (s)    Cluster ID with Size s

        100        1 2 3 4 5 6 7 8 9 10 11 12 13 14 15 16 17 18 19 20 21
                   22 23 24 25 26 27 28 29 30 31 32 33 34 35 36 37 38 39
                   40 41 42 43 44 45 46 47 48 49 50 51 52 53 54 55 56 57
                   58 59 60 61 62 63 64 65 66 67 68 69 70 71 72 73 74 75
                   76 77 78 79 80 81 82 83 84 85 86 87 88 89 90 91 92 93
                   94 95 96 97 98 99 100



SUMMARY OF MISSING DATA PATTERNS

     Number of missing data patterns             2


     MISSING DATA PATTERNS (x = not missing)

           1  2
 X         x  x
 X&1       x


     MISSING DATA PATTERN FREQUENCIES

    Pattern   Frequency     Pattern   Frequency
          1        9900           2         100


COVARIANCE COVERAGE OF DATA

Minimum covariance coverage value   0.100


     PROPORTION OF DATA PRESENT


           Covariance Coverage
              X
              ________
 X              1.000



UNIVARIATE SAMPLE STATISTICS


     UNIVARIATE HIGHER-ORDER MOMENT DESCRIPTIVE STATISTICS

         Variable/         Mean/     Skewness/   Minimum/ % with                Percentiles
        Sample Size      Variance    Kurtosis    Maximum  Min/Max      20%/60%    40%/80%    Median

     X                    50.176      -0.072      41.202    0.01%      48.444     49.564     50.082
           10000.000       4.800       0.332      56.801    0.01%      50.634     52.014


THE MODEL ESTIMATION TERMINATED NORMALLY

     USE THE FBITERATIONS OPTION TO INCREASE THE NUMBER OF ITERATIONS BY A FACTOR
     OF AT LEAST TWO TO CHECK CONVERGENCE AND THAT THE PSR VALUE DOES NOT INCREASE.



MODEL FIT INFORMATION

Number of Free Parameters                               9

Information Criteria

          Deviance (DIC)                        28804.385
          Estimated Number of Parameters (pD)     151.812



MODEL RESULTS

                                Posterior  One-Tailed         95% C.I.
                    Estimate       S.D.      P-Value   Lower 2.5%  Upper 2.5%  Significance

Within Level

Between Level

 X        WITH
    PHI                0.021       0.023      0.153      -0.022       0.067
    LOGV              -0.004       0.036      0.447      -0.073       0.069

 PHI      WITH
    LOGV              -0.001       0.001      0.332      -0.003       0.002

 Means
    X                 50.173       0.198      0.000      49.797      50.579      *
    PHI                0.398       0.010      0.000       0.378       0.417      *
    LOGV               0.026       0.016      0.043      -0.005       0.058

 Variances
    X                  3.898       0.594      0.000       2.938       5.195      *
    PHI                0.002       0.001      0.000       0.001       0.005      *
    LOGV               0.004       0.002      0.000       0.001       0.010      *


STANDARDIZED MODEL RESULTS


STDYX Standardization

                                Posterior  One-Tailed         95% C.I.
                    Estimate       S.D.      P-Value   Lower 2.5%  Upper 2.5%  Significance

Within-Level Standardized Estimates Averaged Over Clusters

 PHI | X ON
    X&1                0.398       0.009      0.000       0.380       0.416      *

 LOGV |
    X                  0.839       0.007      0.000       0.825       0.854      *

Between Level

 X        WITH
    PHI                0.244       0.235      0.153      -0.243       0.672
    LOGV              -0.037       0.287      0.447      -0.535       0.574

 PHI      WITH
    LOGV              -0.207       0.407      0.332      -0.871       0.623

 Means
    X                 25.436       1.909      0.000      21.936      29.276      *
    PHI                8.591       2.043      0.000       5.578      13.210      *
    LOGV               0.421       0.357      0.043      -0.076       1.265

 Variances
    X                  1.000       0.000      0.000       1.000       1.000
    PHI                1.000       0.000      0.000       1.000       1.000
    LOGV               1.000       0.000      0.000       1.000       1.000


STDY Standardization

                                Posterior  One-Tailed         95% C.I.
                    Estimate       S.D.      P-Value   Lower 2.5%  Upper 2.5%  Significance

Within-Level Standardized Estimates Averaged Over Clusters

 PHI | X ON
    X&1                0.359       0.007      0.000       0.344       0.373      *

 LOGV |
    X                  0.839       0.007      0.000       0.825       0.854      *

Between Level

 X        WITH
    PHI                0.244       0.235      0.153      -0.243       0.672
    LOGV              -0.037       0.287      0.447      -0.535       0.574

 PHI      WITH
    LOGV              -0.207       0.407      0.332      -0.871       0.623

 Means
    X                 25.436       1.909      0.000      21.936      29.276      *
    PHI                8.591       2.043      0.000       5.578      13.210      *
    LOGV               0.421       0.357      0.043      -0.076       1.265

 Variances
    X                  1.000       0.000      0.000       1.000       1.000
    PHI                1.000       0.000      0.000       1.000       1.000
    LOGV               1.000       0.000      0.000       1.000       1.000


R-SQUARE

Within-Level R-Square Averaged Across Clusters

                                Posterior  One-Tailed         95% C.I.
    Variable        Estimate       S.D.      P-Value   Lower 2.5%  Upper 2.5%

    X                  0.161       0.007      0.000       0.146       0.175

Between Level



 BETWEEN-LEVEL FACTOR SCORE COMPARISONS

 Results for Factor PHI

 Ranking  Cluster    Factor Score     Ranking  Cluster    Factor Score     Ranking  Cluster    Factor Score
     1       100          0.461           2        28          0.450           3        11          0.443
     4        97          0.440           5        31          0.432           6         9          0.431
     7        69          0.431           8        27          0.431           9        94          0.429
    10        17          0.428          11        74          0.428          12        98          0.427
    13        39          0.424          14        10          0.424          15        81          0.423
    16        77          0.420          17        80          0.418          18        88          0.418
    19        52          0.417          20        90          0.417          21        95          0.417
    22        60          0.416          23        54          0.416          24        83          0.416
    25        29          0.415          26        34          0.413          27         3          0.412
    28        71          0.411          29        62          0.410          30        33          0.410
    31        59          0.410          32        13          0.410          33        30          0.409
    34        70          0.409          35        99          0.407          36        23          0.407
    37        57          0.406          38        63          0.405          39         8          0.405
    40        79          0.405          41        47          0.405          42        40          0.404
    43        93          0.404          44        86          0.404          45        26          0.403
    46        84          0.403          47        43          0.403          48        32          0.403
    49        12          0.401          50        87          0.401          51        89          0.401
    52        58          0.399          53        45          0.399          54        55          0.398
    55        91          0.394          56         5          0.394          57        24          0.394
    58        49          0.394          59        21          0.392          60        14          0.392
    61        51          0.392          62        20          0.389          63        38          0.388
    64         4          0.388          65        18          0.387          66        78          0.386
    67        56          0.385          68        25          0.384          69        37          0.384
    70        53          0.383          71        75          0.382          72        22          0.381
    73        73          0.381          74        67          0.380          75        76          0.379
    76        66          0.378          77        64          0.378          78        19          0.377
    79        48          0.377          80         2          0.376          81        72          0.375
    82        15          0.374          83        44          0.374          84        61          0.372
    85        46          0.372          86         7          0.371          87        16          0.371
    88         6          0.371          89        85          0.370          90        82          0.368
    91        96          0.368          92        35          0.366          93         1          0.366
    94        42          0.364          95        92          0.359          96        65          0.356
    97        68          0.353          98        36          0.351          99        50          0.350
   100        41          0.345

 Results for Factor LOGV

 Ranking  Cluster    Factor Score     Ranking  Cluster    Factor Score     Ranking  Cluster    Factor Score
     1        68          0.084           2        13          0.079           3        92          0.077
     4        65          0.074           5        50          0.072           6        82          0.065
     7         6          0.065           8        76          0.064           9        64          0.062
    10        26          0.062          11        69          0.062          12        36          0.059
    13        96          0.058          14        25          0.058          15         9          0.058
    16        41          0.058          17        10          0.057          18        84          0.055
    19         1          0.053          20        55          0.052          21        16          0.050
    22        85          0.048          23         7          0.047          24         5          0.045
    25        58          0.044          26         2          0.043          27        71          0.042
    28        91          0.042          29        19          0.041          30        22          0.040
    31        42          0.040          32        63          0.040          33        66          0.039
    34        21          0.039          35         4          0.037          36        12          0.036
    37        51          0.035          38        72          0.035          39        18          0.034
    40        40          0.034          41        17          0.031          42        44          0.029
    43        73          0.028          44        45          0.027          45        93          0.026
    46        59          0.026          47        81          0.025          48        14          0.023
    49        80          0.023          50        60          0.023          51        52          0.023
    52        46          0.023          53        27          0.022          54        15          0.022
    55        24          0.021          56         3          0.021          57        47          0.021
    58        56          0.020          59        67          0.020          60        20          0.019
    61        78          0.017          62        30          0.017          63        89          0.016
    64        57          0.016          65        70          0.016          66        35          0.015
    67        83          0.014          68         8          0.014          69        29          0.013
    70        97          0.012          71        95          0.011          72        32          0.011
    73        86          0.011          74        23          0.011          75        88          0.010
    76        48          0.010          77        77          0.010          78        53          0.007
    79        34          0.006          80        43          0.006          81        75          0.006
    82        79          0.004          83        31          0.004          84        37          0.004
    85        38          0.004          86        49          0.002          87        54          0.001
    88        33          0.001          89        62         -0.001          90       100         -0.001
    91        98         -0.002          92        39         -0.005          93        87         -0.007
    94        61         -0.008          95        94         -0.009          96        99         -0.009
    97        90         -0.011          98        74         -0.018          99        11         -0.019
   100        28         -0.035

 Results for X (referred to as plausible label B_X)

 Ranking  Cluster    Factor Score     Ranking  Cluster    Factor Score     Ranking  Cluster    Factor Score
     1        40         54.196           2        98         54.195           3        24         54.087
     4        69         53.710           5        93         53.627           6        30         53.491
     7        55         53.270           8        84         53.232           9        26         53.157
    10        27         53.054          11         3         52.796          12         9         52.712
    13        82         52.415          14        33         52.403          15         1         52.232
    16        83         52.190          17        12         52.123          18        11         52.106
    19        28         51.825          20        68         51.777          21        71         51.731
    22        60         51.651          23        70         51.564          24        16         51.370
    25        94         51.270          26        52         51.210          27        66         51.170
    28        97         51.164          29        31         51.056          30        58         51.054
    31        64         51.019          32        43         50.976          33       100         50.930
    34        29         50.905          35        91         50.884          36        73         50.884
    37        47         50.778          38        50         50.757          39        51         50.665
    40        54         50.649          41        17         50.520          42        77         50.455
    43         4         50.442          44        46         50.315          45        81         50.151
    46        20         50.072          47        62         50.054          48        10         50.020
    49        48         49.943          50        72         49.915          51        13         49.824
    52        74         49.803          53        57         49.760          54        25         49.683
    55        32         49.649          56        45         49.643          57        80         49.624
    58        76         49.610          59        89         49.610          60        78         49.549
    61        75         49.543          62        79         49.516          63        99         49.480
    64        63         49.449          65         8         49.389          66        21         49.382
    67        34         49.371          68        38         49.370          69        49         49.369
    70        22         49.365          71        88         49.345          72        85         49.274
    73        95         49.238          74        14         49.189          75        87         49.100
    76        59         49.090          77        96         49.025          78         7         48.965
    79        36         48.812          80        65         48.794          81        53         48.670
    82        37         48.590          83         6         48.562          84        39         48.506
    85        19         48.466          86        67         48.268          87        44         48.255
    88         2         48.198          89        42         48.047          90        90         48.047
    91        86         48.043          92        18         47.946          93        92         47.750
    94        35         47.733          95         5         47.696          96        56         47.670
    97        23         47.297          98        15         47.271          99        61         44.571
   100        41         44.141


TECHNICAL 1 OUTPUT


     PARAMETER SPECIFICATION FOR WITHIN


           NU
              X             X&1
              ________      ________
                    0             0


           LAMBDA
              X             X&1
              ________      ________
 X                  0             0
 X&1                0             0


           THETA
              X             X&1
              ________      ________
 X                  0
 X&1                0             0


           ALPHA
              X             X&1
              ________      ________
                    0             0


           BETA
              X             X&1
              ________      ________
 X                  0             0
 X&1                0             0


           PSI
              X             X&1
              ________      ________
 X                  0
 X&1                0             0


     PARAMETER SPECIFICATION FOR BETWEEN


           NU
              X
              ________
                    0


           LAMBDA
              PHI           LOGV          X
              ________      ________      ________
 X                  0             0             0


           THETA
              X
              ________
 X                  0


           ALPHA
              PHI           LOGV          X
              ________      ________      ________
                    1             2             3


           BETA
              PHI           LOGV          X
              ________      ________      ________
 PHI                0             0             0
 LOGV               0             0             0
 X                  0             0             0


           PSI
              PHI           LOGV          X
              ________      ________      ________
 PHI                4
 LOGV               5             6
 X                  7             8             9


     STARTING VALUES FOR WITHIN


           NU
              X             X&1
              ________      ________
                0.000         0.000


           LAMBDA
              X             X&1
              ________      ________
 X              1.000         0.000
 X&1            0.000         1.000


           THETA
              X             X&1
              ________      ________
 X              0.000
 X&1            0.000         0.000


           ALPHA
              X             X&1
              ________      ________
                0.000         0.000


           BETA
              X             X&1
              ________      ________
 X              0.000         0.000
 X&1            0.000         0.000


           PSI
              X             X&1
              ________      ________
 X              0.000
 X&1            0.000         2.401


     STARTING VALUES FOR BETWEEN


           NU
              X
              ________
                0.000


           LAMBDA
              PHI           LOGV          X
              ________      ________      ________
 X              0.000         0.000         1.000


           THETA
              X
              ________
 X              0.000


           ALPHA
              PHI           LOGV          X
              ________      ________      ________
                0.000         0.000        50.176


           BETA
              PHI           LOGV          X
              ________      ________      ________
 PHI            0.000         0.000         0.000
 LOGV           0.000         0.000         0.000
 X              0.000         0.000         0.000


           PSI
              PHI           LOGV          X
              ________      ________      ________
 PHI            1.000
 LOGV           0.000         1.000
 X              0.000         0.000         2.400



     PRIORS FOR ALL PARAMETERS            PRIOR MEAN      PRIOR VARIANCE     PRIOR STD. DEV.

     Parameter 1~N(0.000,infinity)           0.0000            infinity            infinity
     Parameter 2~N(0.000,infinity)           0.0000            infinity            infinity
     Parameter 3~N(0.000,infinity)           0.0000            infinity            infinity
     Parameter 4~IW(0.000,-4)              infinity            infinity            infinity
     Parameter 5~IW(0.000,-4)              infinity            infinity            infinity
     Parameter 6~IW(0.000,-4)              infinity            infinity            infinity
     Parameter 7~IW(0.000,-4)              infinity            infinity            infinity
     Parameter 8~IW(0.000,-4)              infinity            infinity            infinity
     Parameter 9~IW(0.000,-4)              infinity            infinity            infinity


TECHNICAL 2 OUTPUT


TECHNICAL 3 OUTPUT


           ESTIMATED COVARIANCE MATRIX FOR PARAMETER ESTIMATES
                     1             2             3             4             5
              ________      ________      ________      ________      ________
        1   0.108916D-03
        2  -0.453217D-05  0.254535D-03
        3   0.237065D-03 -0.312118D-04  0.393791D-01
        4  -0.712320D-06 -0.762095D-06 -0.128925D-05  0.117395D-05
        5  -0.876149D-06 -0.778366D-06  0.552240D-05 -0.246901D-06  0.177038D-05
        6  -0.254288D-06  0.794113D-06  0.101772D-04  0.735283D-07 -0.725385D-06
        7  -0.436438D-05  0.471887D-06  0.103985D-03  0.481781D-05 -0.100400D-05
        8  -0.106142D-04  0.548809D-04 -0.186546D-03 -0.176678D-05  0.101834D-04
        9   0.100721D-03 -0.309063D-03  0.213776D-03  0.247939D-04  0.602881D-05


           ESTIMATED COVARIANCE MATRIX FOR PARAMETER ESTIMATES
                     6             7             8             9
              ________      ________      ________      ________
        6   0.497599D-05
        7   0.215383D-06  0.510655D-03
        8  -0.508158D-05  0.313661D-05  0.127127D-02
        9   0.196291D-04  0.173748D-02 -0.636928D-03  0.352683D+00


           ESTIMATED CORRELATION MATRIX FOR PARAMETER ESTIMATES
                     1             2             3             4             5
              ________      ________      ________      ________      ________
        1       1.000
        2      -0.027         1.000
        3       0.114        -0.010         1.000
        4      -0.063        -0.044        -0.006         1.000
        5      -0.063        -0.037         0.021        -0.171         1.000
        6      -0.011         0.022         0.023         0.030        -0.244
        7      -0.019         0.001         0.023         0.197        -0.033
        8      -0.029         0.096        -0.026        -0.046         0.215
        9       0.016        -0.033         0.002         0.039         0.008


           ESTIMATED CORRELATION MATRIX FOR PARAMETER ESTIMATES
                     6             7             8             9
              ________      ________      ________      ________
        6       1.000
        7       0.004         1.000
        8      -0.064         0.004         1.000
        9       0.015         0.129        -0.030         1.000


TECHNICAL 8 OUTPUT



     Kolmogorov-Smirnov comparing posterior distributions across chains 1 and 2 using 100 draws.





     Parameter   KS Statistic P-value
     Parameter 3    0.1100    0.5560
     Parameter 9    0.1000    0.6766
     Parameter 7    0.0200    1.0000
     Parameter 8    0.0100    1.0000
     Parameter 6    0.0000    1.0000
     Parameter 5    0.0000    1.0000
     Parameter 4    0.0000    1.0000
     Parameter 2    0.0000    1.0000
     Parameter 1    0.0000    1.0000



     Simulated prior distributions

     Parameter       Prior Mean  Prior Variance  Prior Std. Dev.


     Parameter 1 Improper Prior
     Parameter 2 Improper Prior
     Parameter 3 Improper Prior
     Parameter 4 Improper Prior
     Parameter 5 Improper Prior
     Parameter 6 Improper Prior
     Parameter 7 Improper Prior
     Parameter 8 Improper Prior
     Parameter 9 Improper Prior


   TECHNICAL 8 OUTPUT FOR BAYES ESTIMATION

     CHAIN    BSEED
     1        0
     2        285380

                     POTENTIAL       PARAMETER WITH
     ITERATION    SCALE REDUCTION      HIGHEST PSR
     100              1.085               2
     200              1.034               1
     300              1.037               8
     400              1.050               8
     500              1.015               2
     600              1.031               8
     700              1.042               8
     800              1.012               2
     900              1.012               7
     1000             1.023               7
     1100             1.021               7
     1200             1.013               8
     1300             1.007               7
     1400             1.007               8
     1500             1.005               7
     1600             1.003               1
     1700             1.003               1
     1800             1.002               2
     1900             1.007               2
     2000             1.007               2


SUMMARIES OF PLAUSIBLE VALUES (N = NUMBER OF OBSERVATIONS * NUMBER OF IMPUTATIONS)


     SAMPLE STATISTICS


           Means
              PHI           LOGV          B_X
              ________      ________      ________
                0.397         0.027        50.177


           Covariances
              PHI           LOGV          B_X
              ________      ________      ________
 PHI            0.003
 LOGV          -0.001         0.004
 B_X            0.019         0.002         3.575


           Correlations
              PHI           LOGV          B_X
              ________      ________      ________
 PHI            1.000
 LOGV          -0.322         1.000
 B_X            0.197         0.019         1.000


SUMMARY OF PLAUSIBLE STANDARD DEVIATION (N = NUMBER OF OBSERVATIONS)


     SAMPLE STATISTICS


           Means
              PHI_SD        LOGV_SD       B_X_SD
              ________      ________      ________
                0.045         0.061         0.170


           Covariances
              PHI_SD        LOGV_SD       B_X_SD
              ________      ________      ________
 PHI_SD         0.000
 LOGV_SD        0.000         0.000
 B_X_SD         0.000         0.000         0.000


           Correlations
              PHI_SD        LOGV_SD       B_X_SD
              ________      ________      ________
 PHI_SD         1.000
 LOGV_SD        0.404         1.000
 B_X_SD        -0.095        -0.008         1.000


PLOT INFORMATION

The following plots are available:

  Histograms (sample values, estimated factor scores)
  Scatterplots (sample values, estimated factor scores)
  Between-level histograms (sample values, sample/estimated means/variances, estimated factor scores)
  Between-level scatterplots (sample values, sample/estimated means/variances, estimated factor scores)
  Time series plots (sample values, ACF, PACF, estimated factor scores)
  Bayesian posterior parameter distributions
  Bayesian posterior parameter trace plots
  Bayesian autocorrelation plots
  Latent variable distribution plots

     Beginning Time:  17:32:17
        Ending Time:  18:49:38
       Elapsed Time:  01:17:21



MUTHEN & MUTHEN
3463 Stoner Ave.
Los Angeles, CA  90066

Tel: (310) 391-9971
Fax: (310) 391-8971
Web: www.StatModel.com
Support: Support@StatModel.com

Copyright (c) 1998-2017 Muthen & Muthen
