Mplus VERSION 8
MUTHEN & MUTHEN
12/22/2021   6:49 PM

INPUT INSTRUCTIONS

  TITLE:
  Mplus-files/fit_uSeed-13337_N-100_T-100_type-resid.random_Rep-1
  DATA:
  FILE = "Mplus-files/fit_uSeed-13337_N-100_T-100_type-resid.random_Rep-1.dat";

  VARIABLE:
  NAMES = subject t x;
   MISSING=.;
   CLUSTER = subject;
  LAGGED = x(1);
  TINTERVAL = t(1);
  ANALYSIS:
  TYPE = TWOLEVEL RANDOM;
  ESTIMATOR = BAYES;
  PROCESSORS = 1;
   CHAINS = 2;
   THIN = 5;
  BITERATIONS = 5000(2000);
  MODEL:
  %WITHIN%
  phi | x ON x&1;
  logv | x;
  %BETWEEN%
  x phi logv WITH x phi logv;
  OUTPUT:
  TECH1 TECH2 TECH3 TECH8 FSCOMPARISON STANDARDIZED STDYX STDY;
  PLOT:
  TYPE = PLOT3;
  FACTORS = ALL (500);



INPUT READING TERMINATED NORMALLY




Mplus-files/fit_uSeed-13337_N-100_T-100_type-resid.random_Rep-1

SUMMARY OF ANALYSIS

Number of groups                                                 1
Number of observations                                       10000

Number of dependent variables                                    1
Number of independent variables                                  1
Number of continuous latent variables                            2

Observed dependent variables

  Continuous
   X

Observed independent variables
   X&1

Continuous latent variables
   PHI         LOGV

Variables with special functions

  Cluster variable      SUBJECT

  Within variables
   X&1


Estimator                                                    BAYES
Specifications for Bayesian Estimation
  Point estimate                                            MEDIAN
  Number of Markov chain Monte Carlo (MCMC) chains               2
  Random seed for the first chain                                0
  Starting value information                           UNPERTURBED
  Treatment of categorical mediator                         LATENT
  Algorithm used for Markov chain Monte Carlo           GIBBS(PX1)
  Convergence criterion                                  0.500D-01
  Maximum number of iterations                                5000
  K-th iteration used for thinning                               5
Specifications for Bayes Factor Score Estimation
  Number of imputed data sets                                  500
  Iteration intervals for thinning                               1

Input data file(s)
  Mplus-files/fit_uSeed-13337_N-100_T-100_type-resid.random_Rep-1.dat
Input data format  FREE


SUMMARY OF DATA

     Number of clusters                        100

       Size (s)    Cluster ID with Size s

        100        1 2 3 4 5 6 7 8 9 10 11 12 13 14 15 16 17 18 19 20 21
                   22 23 24 25 26 27 28 29 30 31 32 33 34 35 36 37 38 39
                   40 41 42 43 44 45 46 47 48 49 50 51 52 53 54 55 56 57
                   58 59 60 61 62 63 64 65 66 67 68 69 70 71 72 73 74 75
                   76 77 78 79 80 81 82 83 84 85 86 87 88 89 90 91 92 93
                   94 95 96 97 98 99 100



SUMMARY OF MISSING DATA PATTERNS

     Number of missing data patterns             2


     MISSING DATA PATTERNS (x = not missing)

           1  2
 X         x  x
 X&1       x


     MISSING DATA PATTERN FREQUENCIES

    Pattern   Frequency     Pattern   Frequency
          1        9900           2         100


COVARIANCE COVERAGE OF DATA

Minimum covariance coverage value   0.100


     PROPORTION OF DATA PRESENT


           Covariance Coverage
              X
              ________
 X              1.000



UNIVARIATE SAMPLE STATISTICS


     UNIVARIATE HIGHER-ORDER MOMENT DESCRIPTIVE STATISTICS

         Variable/         Mean/     Skewness/   Minimum/ % with                Percentiles
        Sample Size      Variance    Kurtosis    Maximum  Min/Max      20%/60%    40%/80%    Median

     X                     1.890       0.735      -5.383    0.01%       0.255      1.173      1.613
           10000.000       3.964       0.617      10.447    0.01%       2.076      3.354


THE MODEL ESTIMATION TERMINATED NORMALLY

     USE THE FBITERATIONS OPTION TO INCREASE THE NUMBER OF ITERATIONS BY A FACTOR
     OF AT LEAST TWO TO CHECK CONVERGENCE AND THAT THE PSR VALUE DOES NOT INCREASE.



MODEL FIT INFORMATION

Number of Free Parameters                               9

Information Criteria

          Deviance (DIC)                        28673.066
          Estimated Number of Parameters (pD)     157.377



MODEL RESULTS

                                Posterior  One-Tailed         95% C.I.
                    Estimate       S.D.      P-Value   Lower 2.5%  Upper 2.5%  Significance

Within Level

Between Level

 X        WITH
    PHI               -0.028       0.020      0.064      -0.070       0.008
    LOGV              -0.025       0.031      0.183      -0.087       0.038

 PHI      WITH
    LOGV              -0.001       0.002      0.328      -0.004       0.002

 Means
    X                  1.892       0.175      0.000       1.556       2.232      *
    PHI                0.416       0.011      0.000       0.395       0.435      *
    LOGV               0.014       0.015      0.167      -0.016       0.044

 Variances
    X                  2.962       0.466      0.000       2.218       4.009      *
    PHI                0.003       0.001      0.000       0.001       0.006      *
    LOGV               0.005       0.003      0.000       0.002       0.012      *


STANDARDIZED MODEL RESULTS


STDYX Standardization

                                Posterior  One-Tailed         95% C.I.
                    Estimate       S.D.      P-Value   Lower 2.5%  Upper 2.5%  Significance

Within-Level Standardized Estimates Averaged Over Clusters

 PHI | X ON
    X&1                0.416       0.009      0.000       0.397       0.433      *

 LOGV |
    X                  0.825       0.008      0.000       0.810       0.839      *

Between Level

 X        WITH
    PHI               -0.319       0.208      0.064      -0.709       0.084
    LOGV              -0.229       0.262      0.183      -0.678       0.353

 PHI      WITH
    LOGV              -0.215       0.425      0.328      -0.866       0.708

 Means
    X                  1.099       0.131      0.000       0.842       1.359      *
    PHI                7.939       2.044      0.000       5.304      13.272      *
    LOGV               0.210       0.244      0.167      -0.243       0.740

 Variances
    X                  1.000       0.000      0.000       1.000       1.000
    PHI                1.000       0.000      0.000       1.000       1.000
    LOGV               1.000       0.000      0.000       1.000       1.000


STDY Standardization

                                Posterior  One-Tailed         95% C.I.
                    Estimate       S.D.      P-Value   Lower 2.5%  Upper 2.5%  Significance

Within-Level Standardized Estimates Averaged Over Clusters

 PHI | X ON
    X&1                0.374       0.007      0.000       0.360       0.387      *

 LOGV |
    X                  0.825       0.008      0.000       0.810       0.839      *

Between Level

 X        WITH
    PHI               -0.319       0.208      0.064      -0.709       0.084
    LOGV              -0.229       0.262      0.183      -0.678       0.353

 PHI      WITH
    LOGV              -0.215       0.425      0.328      -0.866       0.708

 Means
    X                  1.099       0.131      0.000       0.842       1.359      *
    PHI                7.939       2.044      0.000       5.304      13.272      *
    LOGV               0.210       0.244      0.167      -0.243       0.740

 Variances
    X                  1.000       0.000      0.000       1.000       1.000
    PHI                1.000       0.000      0.000       1.000       1.000
    LOGV               1.000       0.000      0.000       1.000       1.000


R-SQUARE

Within-Level R-Square Averaged Across Clusters

                                Posterior  One-Tailed         95% C.I.
    Variable        Estimate       S.D.      P-Value   Lower 2.5%  Upper 2.5%

    X                  0.175       0.008      0.000       0.161       0.190

Between Level



 BETWEEN-LEVEL FACTOR SCORE COMPARISONS

 Results for Factor PHI

 Ranking  Cluster    Factor Score     Ranking  Cluster    Factor Score     Ranking  Cluster    Factor Score
     1        56          0.477           2        57          0.476           3        69          0.467
     4        82          0.456           5        64          0.456           6        23          0.456
     7        97          0.452           8        62          0.449           9        14          0.446
    10        73          0.446          11        20          0.445          12         8          0.444
    13        72          0.443          14        99          0.443          15         3          0.441
    16        84          0.440          17        18          0.437          18        24          0.436
    19        67          0.436          20        68          0.436          21        83          0.435
    22        59          0.435          23        60          0.434          24        17          0.434
    25        92          0.434          26        74          0.433          27        25          0.433
    28        76          0.432          29       100          0.431          30        16          0.430
    31        65          0.428          32        42          0.427          33         4          0.427
    34        26          0.427          35        28          0.426          36        89          0.426
    37        61          0.425          38        80          0.425          39        85          0.424
    40        48          0.424          41        63          0.424          42         7          0.423
    43        30          0.423          44        49          0.422          45         9          0.422
    46        93          0.422          47        87          0.422          48        45          0.421
    49        52          0.420          50         5          0.419          51        90          0.419
    52        33          0.419          53        29          0.419          54        47          0.418
    55        46          0.418          56        58          0.418          57        13          0.418
    58        21          0.417          59        12          0.417          60        54          0.416
    61        10          0.416          62        43          0.415          63        15          0.412
    64        95          0.411          65        81          0.411          66        39          0.409
    67        75          0.409          68        27          0.406          69        78          0.405
    70        91          0.404          71        53          0.401          72        11          0.400
    73        40          0.400          74        71          0.400          75        50          0.399
    76        94          0.399          77        37          0.396          78        38          0.396
    79        31          0.396          80         6          0.396          81        77          0.395
    82        44          0.394          83         2          0.392          84        51          0.392
    85        22          0.391          86        34          0.389          87        55          0.389
    88        41          0.388          89        35          0.387          90        36          0.387
    91        96          0.383          92         1          0.381          93        98          0.378
    94        86          0.373          95        88          0.371          96        19          0.369
    97        79          0.367          98        70          0.362          99        32          0.360
   100        66          0.346

 Results for Factor LOGV

 Ranking  Cluster    Factor Score     Ranking  Cluster    Factor Score     Ranking  Cluster    Factor Score
     1        22          0.077           2        51          0.073           3        27          0.063
     4        58          0.057           5        75          0.056           6        76          0.056
     7        65          0.050           8        33          0.050           9        37          0.049
    10        91          0.048          11        13          0.048          12        79          0.046
    13         5          0.046          14        85          0.046          15        10          0.045
    16        34          0.043          17        84          0.041          18        36          0.040
    19        66          0.039          20        12          0.039          21        92          0.039
    22        15          0.038          23         6          0.038          24        83          0.038
    25        95          0.036          26        98          0.036          27         2          0.036
    28        78          0.034          29        50          0.034          30        42          0.034
    31        26          0.033          32         3          0.032          33        60          0.032
    34        87          0.032          35        90          0.030          36        70          0.030
    37        77          0.028          38        63          0.028          39        53          0.028
    40        20          0.028          41        19          0.026          42        17          0.026
    43        46          0.025          44        86          0.024          45       100          0.024
    46        80          0.022          47        73          0.020          48        54          0.020
    49        41          0.020          50        97          0.019          51        49          0.019
    52        31          0.019          53         4          0.018          54        69          0.018
    55        21          0.018          56        40          0.016          57        30          0.016
    58        44          0.015          59        23          0.015          60        81          0.013
    61        38          0.012          62        57          0.011          63        99          0.011
    64        32          0.010          65        67          0.009          66        93          0.008
    67        39          0.007          68        61          0.007          69        35          0.005
    70        11          0.004          71        64          0.004          72        45          0.004
    73        43          0.003          74        68          0.001          75        55          0.000
    76        94          0.000          77        14          0.000          78         7         -0.002
    79        29         -0.002          80        18         -0.003          81         9         -0.003
    82        56         -0.003          83        25         -0.004          84        52         -0.004
    85        47         -0.008          86        24         -0.008          87        72         -0.009
    88        59         -0.009          89        89         -0.010          90        74         -0.014
    91        48         -0.014          92         1         -0.014          93        16         -0.021
    94        88         -0.025          95        62         -0.031          96         8         -0.033
    97        28         -0.034          98        71         -0.037          99        96         -0.038
   100        82         -0.045

 Results for X (referred to as plausible label B_X)

 Ranking  Cluster    Factor Score     Ranking  Cluster    Factor Score     Ranking  Cluster    Factor Score
     1        88          7.492           2        35          6.872           3        11          6.240
     4        32          5.787           5        55          5.433           6        71          5.346
     7        96          5.270           8         1          5.035           9        44          4.956
    10        66          4.549          11        86          4.490          12        81          4.208
    13        19          4.110          14        95          3.673          15        79          3.565
    16        53          3.086          17        70          3.056          18        38          2.958
    19        82          2.927          20        62          2.821          21        54          2.733
    22        39          2.685          23        90          2.639          24        25          2.630
    25        60          2.474          26        48          2.446          27        30          2.430
    28        89          2.429          29        43          2.425          30        94          2.397
    31        61          2.396          32        45          2.376          33         7          2.344
    34        16          2.309          35        36          2.236          36        29          2.195
    37        59          2.137          38        24          2.122          39        22          2.095
    40        41          2.068          41        31          1.861          42        64          1.857
    43        93          1.791          44        28          1.790          45        98          1.772
    46        74          1.740          47        56          1.575          48        77          1.556
    49        12          1.451          50        18          1.421          51        33          1.363
    52        13          1.360          53        78          1.284          54        34          1.280
    55        27          1.148          56         4          1.144          57         2          1.112
    58        97          1.061          59        47          1.050          60        46          1.017
    61        21          0.970          62         3          0.955          63        37          0.925
    64        10          0.911          65        23          0.901          66        72          0.898
    67       100          0.781          68        68          0.766          69         6          0.747
    70        99          0.714          71        92          0.709          72        73          0.697
    73        42          0.688          74         8          0.673          75        80          0.672
    76        52          0.668          77         5          0.644          78        69          0.598
    79         9          0.557          80        85          0.537          81        67          0.529
    82        51          0.528          83        91          0.525          84        49          0.486
    85        14          0.461          86        20          0.450          87        63          0.413
    88        65          0.378          89        40          0.358          90        26          0.325
    91        15          0.305          92        87          0.303          93        76          0.301
    94        50          0.241          95        75          0.195          96        17          0.115
    97        58          0.045          98        57         -0.025          99        83         -0.067
   100        84         -0.128


TECHNICAL 1 OUTPUT


     PARAMETER SPECIFICATION FOR WITHIN


           NU
              X             X&1
              ________      ________
                    0             0


           LAMBDA
              X             X&1
              ________      ________
 X                  0             0
 X&1                0             0


           THETA
              X             X&1
              ________      ________
 X                  0
 X&1                0             0


           ALPHA
              X             X&1
              ________      ________
                    0             0


           BETA
              X             X&1
              ________      ________
 X                  0             0
 X&1                0             0


           PSI
              X             X&1
              ________      ________
 X                  0
 X&1                0             0


     PARAMETER SPECIFICATION FOR BETWEEN


           NU
              X
              ________
                    0


           LAMBDA
              PHI           LOGV          X
              ________      ________      ________
 X                  0             0             0


           THETA
              X
              ________
 X                  0


           ALPHA
              PHI           LOGV          X
              ________      ________      ________
                    1             2             3


           BETA
              PHI           LOGV          X
              ________      ________      ________
 PHI                0             0             0
 LOGV               0             0             0
 X                  0             0             0


           PSI
              PHI           LOGV          X
              ________      ________      ________
 PHI                4
 LOGV               5             6
 X                  7             8             9


     STARTING VALUES FOR WITHIN


           NU
              X             X&1
              ________      ________
                0.000         0.000


           LAMBDA
              X             X&1
              ________      ________
 X              1.000         0.000
 X&1            0.000         1.000


           THETA
              X             X&1
              ________      ________
 X              0.000
 X&1            0.000         0.000


           ALPHA
              X             X&1
              ________      ________
                0.000         0.000


           BETA
              X             X&1
              ________      ________
 X              0.000         0.000
 X&1            0.000         0.000


           PSI
              X             X&1
              ________      ________
 X              0.000
 X&1            0.000         1.980


     STARTING VALUES FOR BETWEEN


           NU
              X
              ________
                0.000


           LAMBDA
              PHI           LOGV          X
              ________      ________      ________
 X              0.000         0.000         1.000


           THETA
              X
              ________
 X              0.000


           ALPHA
              PHI           LOGV          X
              ________      ________      ________
                0.000         0.000         1.890


           BETA
              PHI           LOGV          X
              ________      ________      ________
 PHI            0.000         0.000         0.000
 LOGV           0.000         0.000         0.000
 X              0.000         0.000         0.000


           PSI
              PHI           LOGV          X
              ________      ________      ________
 PHI            1.000
 LOGV           0.000         1.000
 X              0.000         0.000         1.982



     PRIORS FOR ALL PARAMETERS            PRIOR MEAN      PRIOR VARIANCE     PRIOR STD. DEV.

     Parameter 1~N(0.000,infinity)           0.0000            infinity            infinity
     Parameter 2~N(0.000,infinity)           0.0000            infinity            infinity
     Parameter 3~N(0.000,infinity)           0.0000            infinity            infinity
     Parameter 4~IW(0.000,-4)              infinity            infinity            infinity
     Parameter 5~IW(0.000,-4)              infinity            infinity            infinity
     Parameter 6~IW(0.000,-4)              infinity            infinity            infinity
     Parameter 7~IW(0.000,-4)              infinity            infinity            infinity
     Parameter 8~IW(0.000,-4)              infinity            infinity            infinity
     Parameter 9~IW(0.000,-4)              infinity            infinity            infinity


TECHNICAL 2 OUTPUT


TECHNICAL 3 OUTPUT


           ESTIMATED COVARIANCE MATRIX FOR PARAMETER ESTIMATES
                     1             2             3             4             5
              ________      ________      ________      ________      ________
        1   0.112098D-03
        2  -0.211955D-05  0.226996D-03
        3  -0.270027D-03 -0.310721D-03  0.306283D-01
        4  -0.111451D-05 -0.863954D-06  0.465092D-05  0.179193D-05
        5  -0.123601D-05 -0.944337D-06  0.371805D-06 -0.331638D-06  0.278824D-05
        6   0.843993D-06  0.777724D-06  0.113962D-05  0.161663D-06 -0.625976D-06
        7   0.677046D-05 -0.210803D-04  0.272517D-04 -0.557626D-05 -0.465116D-05
        8   0.594336D-05 -0.236054D-04 -0.106743D-03 -0.455524D-05 -0.667327D-05
        9  -0.113755D-03 -0.323772D-04 -0.782324D-03  0.226784D-04  0.300965D-04


           ESTIMATED COVARIANCE MATRIX FOR PARAMETER ESTIMATES
                     6             7             8             9
              ________      ________      ________      ________
        6   0.662616D-05
        7  -0.196042D-05  0.407217D-03
        8  -0.117273D-04  0.246082D-04  0.970462D-03
        9   0.190539D-05 -0.257513D-02 -0.186659D-02  0.217492D+00


           ESTIMATED CORRELATION MATRIX FOR PARAMETER ESTIMATES
                     1             2             3             4             5
              ________      ________      ________      ________      ________
        1       1.000
        2      -0.013         1.000
        3      -0.146        -0.118         1.000
        4      -0.079        -0.043         0.020         1.000
        5      -0.070        -0.038         0.001        -0.148         1.000
        6       0.031         0.020         0.003         0.047        -0.146
        7       0.032        -0.069         0.008        -0.206        -0.138
        8       0.018        -0.050        -0.020        -0.109        -0.128
        9      -0.023        -0.005        -0.010         0.036         0.039


           ESTIMATED CORRELATION MATRIX FOR PARAMETER ESTIMATES
                     6             7             8             9
              ________      ________      ________      ________
        6       1.000
        7      -0.038         1.000
        8      -0.146         0.039         1.000
        9       0.002        -0.274        -0.128         1.000


TECHNICAL 8 OUTPUT



     Kolmogorov-Smirnov comparing posterior distributions across chains 1 and 2 using 100 draws.





     Parameter   KS Statistic P-value
     Parameter 9    0.0900    0.7942
     Parameter 3    0.0800    0.8938
     Parameter 1    0.0100    1.0000
     Parameter 8    0.0100    1.0000
     Parameter 7    0.0100    1.0000
     Parameter 5    0.0000    1.0000
     Parameter 2    0.0000    1.0000
     Parameter 6    0.0000    1.0000
     Parameter 4    0.0000    1.0000



     Simulated prior distributions

     Parameter       Prior Mean  Prior Variance  Prior Std. Dev.


     Parameter 1 Improper Prior
     Parameter 2 Improper Prior
     Parameter 3 Improper Prior
     Parameter 4 Improper Prior
     Parameter 5 Improper Prior
     Parameter 6 Improper Prior
     Parameter 7 Improper Prior
     Parameter 8 Improper Prior
     Parameter 9 Improper Prior


   TECHNICAL 8 OUTPUT FOR BAYES ESTIMATION

     CHAIN    BSEED
     1        0
     2        285380

                     POTENTIAL       PARAMETER WITH
     ITERATION    SCALE REDUCTION      HIGHEST PSR
     100              2.340               2
     200              1.060               7
     300              1.068               2
     400              1.017               7
     500              1.008               8
     600              1.072               8
     700              1.045               8
     800              1.079               8
     900              1.047               8
     1000             1.006               2
     1100             1.003               8
     1200             1.003               7
     1300             1.001               8
     1400             1.001               7
     1500             1.002               7
     1600             1.003               2
     1700             1.001               1
     1800             1.000               7
     1900             1.002               3
     2000             1.001               3


SUMMARIES OF PLAUSIBLE VALUES (N = NUMBER OF OBSERVATIONS * NUMBER OF IMPUTATIONS)


     SAMPLE STATISTICS


           Means
              PHI           LOGV          B_X
              ________      ________      ________
                0.416         0.018         1.888


           Covariances
              PHI           LOGV          B_X
              ________      ________      ________
 PHI            0.003
 LOGV          -0.001         0.004
 B_X           -0.023        -0.017         2.744


           Correlations
              PHI           LOGV          B_X
              ________      ________      ________
 PHI            1.000
 LOGV          -0.248         1.000
 B_X           -0.270        -0.153         1.000


SUMMARY OF PLAUSIBLE STANDARD DEVIATION (N = NUMBER OF OBSERVATIONS)


     SAMPLE STATISTICS


           Means
              PHI_SD        LOGV_SD       B_X_SD
              ________      ________      ________
                0.045         0.060         0.174


           Covariances
              PHI_SD        LOGV_SD       B_X_SD
              ________      ________      ________
 PHI_SD         0.000
 LOGV_SD        0.000         0.000
 B_X_SD         0.000         0.000         0.000


           Correlations
              PHI_SD        LOGV_SD       B_X_SD
              ________      ________      ________
 PHI_SD         1.000
 LOGV_SD        0.634         1.000
 B_X_SD        -0.359        -0.217         1.000


PLOT INFORMATION

The following plots are available:

  Histograms (sample values, estimated factor scores)
  Scatterplots (sample values, estimated factor scores)
  Between-level histograms (sample values, sample/estimated means/variances, estimated factor scores)
  Between-level scatterplots (sample values, sample/estimated means/variances, estimated factor scores)
  Time series plots (sample values, ACF, PACF, estimated factor scores)
  Bayesian posterior parameter distributions
  Bayesian posterior parameter trace plots
  Bayesian autocorrelation plots
  Latent variable distribution plots

     Beginning Time:  18:49:44
        Ending Time:  19:58:16
       Elapsed Time:  01:08:32



MUTHEN & MUTHEN
3463 Stoner Ave.
Los Angeles, CA  90066

Tel: (310) 391-9971
Fax: (310) 391-8971
Web: www.StatModel.com
Support: Support@StatModel.com

Copyright (c) 1998-2017 Muthen & Muthen
