Mplus VERSION 8
MUTHEN & MUTHEN
12/22/2021   5:32 PM

INPUT INSTRUCTIONS

  TITLE:
  Mplus-files/fit_uSeed-13330_N-100_T-100_type-resid.fixed_Rep-1
  DATA:
  FILE = "Mplus-files/fit_uSeed-13330_N-100_T-100_type-resid.fixed_Rep-1.dat";

  VARIABLE:
  NAMES = subject t x;
   MISSING=.;
   CLUSTER = subject;
  LAGGED = x(1);
  TINTERVAL = t(1);
  ANALYSIS:
  TYPE = TWOLEVEL RANDOM;
  ESTIMATOR = BAYES;
  PROCESSORS = 1;
   CHAINS = 2;
   THIN = 5;
  BITERATIONS = 5000(2000);
  MODEL:
  %WITHIN%
  phi | x ON x&1;
  %BETWEEN%
  x phi WITH x phi;
  OUTPUT:
  TECH1 TECH2 TECH3 TECH8 FSCOMPARISON STANDARDIZED STDYX STDY;
  PLOT:
  TYPE = PLOT3;
  FACTORS = ALL (500);



INPUT READING TERMINATED NORMALLY




Mplus-files/fit_uSeed-13330_N-100_T-100_type-resid.fixed_Rep-1

SUMMARY OF ANALYSIS

Number of groups                                                 1
Number of observations                                       10000

Number of dependent variables                                    1
Number of independent variables                                  1
Number of continuous latent variables                            1

Observed dependent variables

  Continuous
   X

Observed independent variables
   X&1

Continuous latent variables
   PHI

Variables with special functions

  Cluster variable      SUBJECT

  Within variables
   X&1


Estimator                                                    BAYES
Specifications for Bayesian Estimation
  Point estimate                                            MEDIAN
  Number of Markov chain Monte Carlo (MCMC) chains               2
  Random seed for the first chain                                0
  Starting value information                           UNPERTURBED
  Treatment of categorical mediator                         LATENT
  Algorithm used for Markov chain Monte Carlo           GIBBS(PX1)
  Convergence criterion                                  0.500D-01
  Maximum number of iterations                                5000
  K-th iteration used for thinning                               5
Specifications for Bayes Factor Score Estimation
  Number of imputed data sets                                  500
  Iteration intervals for thinning                               1

Input data file(s)
  Mplus-files/fit_uSeed-13330_N-100_T-100_type-resid.fixed_Rep-1.dat
Input data format  FREE


SUMMARY OF DATA

     Number of clusters                        100

       Size (s)    Cluster ID with Size s

        100        1 2 3 4 5 6 7 8 9 10 11 12 13 14 15 16 17 18 19 20 21
                   22 23 24 25 26 27 28 29 30 31 32 33 34 35 36 37 38 39
                   40 41 42 43 44 45 46 47 48 49 50 51 52 53 54 55 56 57
                   58 59 60 61 62 63 64 65 66 67 68 69 70 71 72 73 74 75
                   76 77 78 79 80 81 82 83 84 85 86 87 88 89 90 91 92 93
                   94 95 96 97 98 99 100



SUMMARY OF MISSING DATA PATTERNS

     Number of missing data patterns             2


     MISSING DATA PATTERNS (x = not missing)

           1  2
 X         x  x
 X&1       x


     MISSING DATA PATTERN FREQUENCIES

    Pattern   Frequency     Pattern   Frequency
          1        9900           2         100


COVARIANCE COVERAGE OF DATA

Minimum covariance coverage value   0.100


     PROPORTION OF DATA PRESENT


           Covariance Coverage
              X
              ________
 X              1.000



UNIVARIATE SAMPLE STATISTICS


     UNIVARIATE HIGHER-ORDER MOMENT DESCRIPTIVE STATISTICS

         Variable/         Mean/     Skewness/   Minimum/ % with                Percentiles
        Sample Size      Variance    Kurtosis    Maximum  Min/Max      20%/60%    40%/80%    Median

     X                    50.176      -0.072      41.202    0.01%      48.444     49.564     50.082
           10000.000       4.800       0.332      56.801    0.01%      50.634     52.014


THE MODEL ESTIMATION TERMINATED NORMALLY

     USE THE FBITERATIONS OPTION TO INCREASE THE NUMBER OF ITERATIONS BY A FACTOR
     OF AT LEAST TWO TO CHECK CONVERGENCE AND THAT THE PSR VALUE DOES NOT INCREASE.



MODEL FIT INFORMATION

Number of Free Parameters                               6

Information Criteria

          Deviance (DIC)                        28805.949
          Estimated Number of Parameters (pD)     139.261



MODEL RESULTS

                                Posterior  One-Tailed         95% C.I.
                    Estimate       S.D.      P-Value   Lower 2.5%  Upper 2.5%  Significance

Within Level

 Residual Variances
    X                  1.029       0.015      0.000       1.000       1.058      *

Between Level

 X        WITH
    PHI                0.021       0.022      0.154      -0.021       0.068

 Means
    X                 50.177       0.195      0.000      49.790      50.552      *
    PHI                0.398       0.011      0.000       0.377       0.419      *

 Variances
    X                  3.818       0.579      0.000       2.858       5.128      *
    PHI                0.002       0.001      0.000       0.001       0.005      *


STANDARDIZED MODEL RESULTS


STDYX Standardization

                                Posterior  One-Tailed         95% C.I.
                    Estimate       S.D.      P-Value   Lower 2.5%  Upper 2.5%  Significance

Within-Level Standardized Estimates Averaged Over Clusters

 PHI | X ON
    X&1                0.398       0.010      0.000       0.380       0.417      *

 Residual Variances
    X                  0.839       0.008      0.000       0.824       0.854      *

Between Level

 X        WITH
    PHI                0.246       0.238      0.154      -0.231       0.690

 Means
    X                 25.672       1.911      0.000      22.147      29.604      *
    PHI                9.004       2.147      0.000       5.572      13.554      *

 Variances
    X                  1.000       0.000      0.000       1.000       1.000
    PHI                1.000       0.000      0.000       1.000       1.000


STDY Standardization

                                Posterior  One-Tailed         95% C.I.
                    Estimate       S.D.      P-Value   Lower 2.5%  Upper 2.5%  Significance

Within-Level Standardized Estimates Averaged Over Clusters

 PHI | X ON
    X&1                0.359       0.008      0.000       0.344       0.373      *

 Residual Variances
    X                  0.839       0.008      0.000       0.824       0.854      *

Between Level

 X        WITH
    PHI                0.246       0.238      0.154      -0.231       0.690

 Means
    X                 25.672       1.911      0.000      22.147      29.604      *
    PHI                9.004       2.147      0.000       5.572      13.554      *

 Variances
    X                  1.000       0.000      0.000       1.000       1.000
    PHI                1.000       0.000      0.000       1.000       1.000


R-SQUARE

Within-Level R-Square Averaged Across Clusters

                                Posterior  One-Tailed         95% C.I.
    Variable        Estimate       S.D.      P-Value   Lower 2.5%  Upper 2.5%

    X                  0.161       0.008      0.000       0.146       0.176

Between Level



 BETWEEN-LEVEL FACTOR SCORE COMPARISONS

 Results for Factor PHI

 Ranking  Cluster    Factor Score     Ranking  Cluster    Factor Score     Ranking  Cluster    Factor Score
     1       100          0.449           2         9          0.441           3        69          0.439
     4        97          0.439           5        28          0.438           6        27          0.432
     7        10          0.432           8        11          0.429           9        17          0.428
    10        98          0.427          11        81          0.425          12        31          0.424
    13        52          0.423          14        29          0.423          15        94          0.421
    16        39          0.419          17        26          0.419          18        71          0.419
    19        95          0.418          20        74          0.418          21        60          0.418
    22        13          0.414          23        88          0.414          24         3          0.413
    25        63          0.413          26        80          0.413          27        91          0.413
    28        58          0.411          29        83          0.411          30        54          0.410
    31        77          0.410          32        33          0.410          33        84          0.409
    34        59          0.409          35        90          0.409          36        40          0.407
    37        57          0.407          38        70          0.407          39        62          0.406
    40        30          0.406          41        12          0.405          42        93          0.405
    43        34          0.404          44        23          0.402          45        55          0.402
    46        47          0.401          47        43          0.400          48         5          0.400
    49        99          0.400          50         8          0.399          51        32          0.397
    52        89          0.397          53        86          0.395          54        18          0.394
    55        45          0.394          56         4          0.394          57        64          0.393
    58        49          0.393          59        25          0.393          60        87          0.393
    61        79          0.392          62        51          0.391          63        24          0.390
    64        78          0.390          65        21          0.390          66        14          0.388
    67        20          0.388          68        38          0.387          69        76          0.387
    70        53          0.386          71         2          0.385          72        85          0.385
    73        22          0.385          74        37          0.384          75        56          0.384
    76         7          0.383          77        19          0.383          78        48          0.382
    79        16          0.381          80         6          0.381          81        67          0.381
    82        82          0.379          83        73          0.379          84         1          0.377
    85        42          0.377          86        46          0.376          87        92          0.374
    88        66          0.374          89        68          0.374          90        96          0.374
    91        61          0.374          92        72          0.373          93        75          0.372
    94        65          0.372          95        15          0.372          96        44          0.367
    97        36          0.366          98        35          0.366          99        50          0.362
   100        41          0.356

 Results for X (referred to as plausible label B_X)

 Ranking  Cluster    Factor Score     Ranking  Cluster    Factor Score     Ranking  Cluster    Factor Score
     1        40         54.212           2        98         54.194           3        24         54.072
     4        69         53.707           5        93         53.633           6        30         53.514
     7        55         53.249           8        84         53.235           9        26         53.152
    10        27         53.057          11         3         52.791          12         9         52.705
    13        82         52.410          14        33         52.401          15         1         52.210
    16        83         52.186          17        12         52.125          18        11         52.107
    19        28         51.810          20        68         51.781          21        71         51.718
    22        60         51.666          23        70         51.579          24        16         51.384
    25        94         51.264          26        52         51.218          27        97         51.162
    28        66         51.155          29        31         51.072          30        58         51.049
    31        64         51.009          32        43         50.986          33       100         50.960
    34        29         50.922          35        91         50.897          36        73         50.878
    37        47         50.783          38        50         50.759          39        51         50.659
    40        54         50.639          41        17         50.520          42        77         50.458
    43         4         50.431          44        46         50.312          45        81         50.160
    46        20         50.091          47        62         50.050          48        10         50.033
    49        48         49.944          50        72         49.922          51        13         49.809
    52        74         49.803          53        57         49.767          54        25         49.686
    55        32         49.663          56        45         49.646          57        76         49.623
    58        80         49.618          59        89         49.612          60        78         49.539
    61        75         49.535          62        79         49.527          63        99         49.479
    64        63         49.447          65        21         49.407          66         8         49.406
    67        49         49.379          68        38         49.377          69        34         49.373
    70        88         49.361          71        22         49.360          72        85         49.261
    73        95         49.238          74        14         49.195          75        87         49.105
    76        59         49.098          77        96         49.017          78         7         48.963
    79        36         48.828          80        65         48.805          81        53         48.671
    82        37         48.598          83         6         48.565          84        39         48.490
    85        19         48.433          86        67         48.264          87        44         48.240
    88         2         48.194          89        90         48.057          90        42         48.048
    91        86         48.024          92        18         47.946          93        92         47.751
    94        35         47.727          95         5         47.682          96        56         47.667
    97        23         47.284          98        15         47.277          99        61         44.578
   100        41         44.143


TECHNICAL 1 OUTPUT


     PARAMETER SPECIFICATION FOR WITHIN


           NU
              X             X&1
              ________      ________
                    0             0


           LAMBDA
              X             X&1
              ________      ________
 X                  0             0
 X&1                0             0


           THETA
              X             X&1
              ________      ________
 X                  0
 X&1                0             0


           ALPHA
              X             X&1
              ________      ________
                    0             0


           BETA
              X             X&1
              ________      ________
 X                  0             0
 X&1                0             0


           PSI
              X             X&1
              ________      ________
 X                  1
 X&1                0             0


     PARAMETER SPECIFICATION FOR BETWEEN


           NU
              X
              ________
                    0


           LAMBDA
              PHI           X
              ________      ________
 X                  0             0


           THETA
              X
              ________
 X                  0


           ALPHA
              PHI           X
              ________      ________
                    2             3


           BETA
              PHI           X
              ________      ________
 PHI                0             0
 X                  0             0


           PSI
              PHI           X
              ________      ________
 PHI                4
 X                  5             6


     STARTING VALUES FOR WITHIN


           NU
              X             X&1
              ________      ________
                0.000         0.000


           LAMBDA
              X             X&1
              ________      ________
 X              1.000         0.000
 X&1            0.000         1.000


           THETA
              X             X&1
              ________      ________
 X              0.000
 X&1            0.000         0.000


           ALPHA
              X             X&1
              ________      ________
                0.000         0.000


           BETA
              X             X&1
              ________      ________
 X              0.000         0.000
 X&1            0.000         0.000


           PSI
              X             X&1
              ________      ________
 X              2.400
 X&1            0.000         2.401


     STARTING VALUES FOR BETWEEN


           NU
              X
              ________
                0.000


           LAMBDA
              PHI           X
              ________      ________
 X              0.000         1.000


           THETA
              X
              ________
 X              0.000


           ALPHA
              PHI           X
              ________      ________
                0.000        50.176


           BETA
              PHI           X
              ________      ________
 PHI            0.000         0.000
 X              0.000         0.000


           PSI
              PHI           X
              ________      ________
 PHI            1.000
 X              0.000         2.400



     PRIORS FOR ALL PARAMETERS            PRIOR MEAN      PRIOR VARIANCE     PRIOR STD. DEV.

     Parameter 1~IG(-1.000,0.000)          infinity            infinity            infinity
     Parameter 2~N(0.000,infinity)           0.0000            infinity            infinity
     Parameter 3~N(0.000,infinity)           0.0000            infinity            infinity
     Parameter 4~IW(0.000,-3)              infinity            infinity            infinity
     Parameter 5~IW(0.000,-3)              infinity            infinity            infinity
     Parameter 6~IW(0.000,-3)              infinity            infinity            infinity


TECHNICAL 2 OUTPUT


TECHNICAL 3 OUTPUT


           ESTIMATED COVARIANCE MATRIX FOR PARAMETER ESTIMATES
                     1             2             3             4             5
              ________      ________      ________      ________      ________
        1   0.221785D-03
        2  -0.210290D-05  0.113419D-03
        3  -0.250989D-04  0.211966D-03  0.380014D-01
        4  -0.703917D-06 -0.558351D-06  0.257161D-05  0.125267D-05
        5   0.532419D-05 -0.948153D-05  0.352112D-04  0.476108D-05  0.491325D-03
        6  -0.141419D-03 -0.350436D-04  0.175314D-02  0.437399D-04  0.203100D-02


           ESTIMATED COVARIANCE MATRIX FOR PARAMETER ESTIMATES
                     6
              ________
        6   0.335090D+00


           ESTIMATED CORRELATION MATRIX FOR PARAMETER ESTIMATES
                     1             2             3             4             5
              ________      ________      ________      ________      ________
        1       1.000
        2      -0.013         1.000
        3      -0.009         0.102         1.000
        4      -0.042        -0.047         0.012         1.000
        5       0.016        -0.040         0.008         0.192         1.000
        6      -0.016        -0.006         0.016         0.068         0.158


           ESTIMATED CORRELATION MATRIX FOR PARAMETER ESTIMATES
                     6
              ________
        6       1.000


TECHNICAL 8 OUTPUT



     Kolmogorov-Smirnov comparing posterior distributions across chains 1 and 2 using 100 draws.





     Parameter   KS Statistic P-value
     Parameter 3    0.1600    0.1400
     Parameter 6    0.1300    0.3439
     Parameter 5    0.0200    1.0000
     Parameter 1    0.0200    1.0000
     Parameter 4    0.0000    1.0000
     Parameter 2    0.0000    1.0000



     Simulated prior distributions

     Parameter       Prior Mean  Prior Variance  Prior Std. Dev.


     Parameter 1 Improper Prior
     Parameter 2 Improper Prior
     Parameter 3 Improper Prior
     Parameter 4 Improper Prior
     Parameter 5 Improper Prior
     Parameter 6 Improper Prior


   TECHNICAL 8 OUTPUT FOR BAYES ESTIMATION

     CHAIN    BSEED
     1        0
     2        285380

                     POTENTIAL       PARAMETER WITH
     ITERATION    SCALE REDUCTION      HIGHEST PSR
     100              1.061               5
     200              1.027               5
     300              1.015               5
     400              1.012               2
     500              1.019               2
     600              1.013               2
     700              1.006               2
     800              1.005               5
     900              1.011               5
     1000             1.011               5
     1100             1.010               5
     1200             1.008               5
     1300             1.012               5
     1400             1.008               5
     1500             1.003               5
     1600             1.002               2
     1700             1.000               2
     1800             1.001               3
     1900             1.001               3
     2000             1.001               1


SUMMARIES OF PLAUSIBLE VALUES (N = NUMBER OF OBSERVATIONS * NUMBER OF IMPUTATIONS)


     SAMPLE STATISTICS


           Means
              PHI           B_X
              ________      ________
                0.399        50.178


           Covariances
              PHI           B_X
              ________      ________
 PHI            0.002
 B_X            0.019         3.575


           Correlations
              PHI           B_X
              ________      ________
 PHI            1.000
 B_X            0.217         1.000


SUMMARY OF PLAUSIBLE STANDARD DEVIATION (N = NUMBER OF OBSERVATIONS)


     SAMPLE STATISTICS


           Means
              PHI_SD        B_X_SD
              ________      ________
                0.043         0.169


           Covariances
              PHI_SD        B_X_SD
              ________      ________
 PHI_SD         0.000
 B_X_SD         0.000         0.000


           Correlations
              PHI_SD        B_X_SD
              ________      ________
 PHI_SD         1.000
 B_X_SD        -0.296         1.000


PLOT INFORMATION

The following plots are available:

  Histograms (sample values, estimated factor scores)
  Scatterplots (sample values, estimated factor scores)
  Between-level histograms (sample values, sample/estimated means/variances, estimated factor scores)
  Between-level scatterplots (sample values, sample/estimated means/variances, estimated factor scores)
  Time series plots (sample values, ACF, PACF, estimated factor scores)
  Bayesian posterior parameter distributions
  Bayesian posterior parameter trace plots
  Bayesian autocorrelation plots
  Latent variable distribution plots

     Beginning Time:  17:32:45
        Ending Time:  19:02:58
       Elapsed Time:  01:30:13



MUTHEN & MUTHEN
3463 Stoner Ave.
Los Angeles, CA  90066

Tel: (310) 391-9971
Fax: (310) 391-8971
Web: www.StatModel.com
Support: Support@StatModel.com

Copyright (c) 1998-2017 Muthen & Muthen
