Mplus VERSION 8.6
MUTHEN & MUTHEN
09/28/2022   1:15 PM

INPUT INSTRUCTIONS

  TITLE:
  Multilevel AR(1) model of COGITO distress

  DATA:
  FILE = "cogito-na1-distress.dat";

  VARIABLE:

  NAMES = subject t x;
  MISSING=.;
  CLUSTER = subject;
  LAGGED = x(1);
  TINTERVAL = t(1);

  ANALYSIS:

  TYPE = TWOLEVEL RANDOM;
  ESTIMATOR = BAYES;
  PROCESSORS = 2;
  CHAINS = 2;
  THIN = 5;
  BITERATIONS = 5000(2000);

  MODEL:
  %WITHIN%
  phi | x ON x&1;
  logv | x;

  %BETWEEN%
  x phi logv WITH x phi logv;

  OUTPUT:
  TECH1 TECH2 TECH3 TECH8 FSCOMPARISON STANDARDIZED STDYX STDY;

  PLOT:
  TYPE = PLOT3;
  FACTORS = ALL (500);



*** WARNING
  One or more individual-level variables have no variation within a
  cluster for the following clusters.

     Variable   Cluster IDs with no within-cluster variation

      X           46 176 189 141 184 122 90 81 39 48 177 108 178 63 170 159 54 28 68 55 31 112
                  77 93 117 165 40 84
      X&1         46 176 189 141 184 122 90 81 39 48 177 108 178 63 170 159 54 28 68 55 31 112
                  77 93 117 165 40 84

   1 WARNING(S) FOUND IN THE INPUT INSTRUCTIONS




Multilevel AR(1) model of COGITO distress

SUMMARY OF ANALYSIS

Number of groups                                                 1
Number of observations                                       32518

Number of dependent variables                                    1
Number of independent variables                                  1
Number of continuous latent variables                            2

Observed dependent variables

  Continuous
   X

Observed independent variables
   X&1

Continuous latent variables
   PHI         LOGV

Variables with special functions

  Cluster variable      SUBJECT

  Within variables
   X&1


Estimator                                                    BAYES
Specifications for Bayesian Estimation
  Point estimate                                            MEDIAN
  Number of Markov chain Monte Carlo (MCMC) chains               2
  Random seed for the first chain                                0
  Starting value information                           UNPERTURBED
  Algorithm used for Markov chain Monte Carlo           GIBBS(PX1)
  Convergence criterion                                  0.500D-01
  Maximum number of iterations                                5000
  K-th iteration used for thinning                               5
Specifications for Bayes Factor Score Estimation
  Number of imputed data sets                                  500
  Iteration intervals for thinning                               1

Input data file(s)
  cogito-na1-distress.dat
Input data format  FREE


SUMMARY OF DATA

     Number of clusters                        204

       Size (s)    Cluster ID with Size s

        114        45
        117        22
        121        65 195
        123        64
        124        102 73
        125        143
        127        46 43 156 176 78
        128        154 189 44
        129        89 57 131
        130        80 133 168 141 118 147
        131        139 181 184 186 144 49
        132        127 146 122 196
        133        61 153 7
        134        90 81 39
        135        48 132
        136        150 193 98 18
        137        94 30 177 24 106
        138        128 23 187 10 151 152 108
        139        164 20
        140        182 1
        141        87 53 36 136 178 51 149
        142        63 170 140 114 50 161 130 198 202
        143        88 82 14 137
        144        120 29 115 2 172 197 185 159
        145        17 109 101 138
        146        54 37
        148        96
        149        129 166 3
        150        134 155 4 19 104 191
        151        16 92 28
        152        121 68 55 31
        153        6
        154        112 192
        155        163 13 70
        156        180 5 107 59
        157        83 86 77 12 26 9 41
        158        160
        159        38
        160        105 67 66 173 174 75
        162        11
        163        103 200 35
        164        142 99
        165        190 188
        166        126 72 148 113
        167        93
        168        56
        171        60
        172        124
        173        169 97 15 183 25
        174        91
        177        27 71
        178        117
        179        175
        180        8 204
        183        47 111
        185        79
        186        76 165
        188        69
        189        194
        190        110
        192        100 145 52 21
        193        119
        197        62 42
        198        116
        200        157
        201        203
        204        74 199
        205        34
        206        135
        211        162
        212        123
        214        40
        220        95
        227        125
        238        171
        239        201
        250        167
        262        179 32
        265        85
        276        84
        303        33
        306        58
        373        158



SUMMARY OF MISSING DATA PATTERNS

     Number of missing data patterns             4


     MISSING DATA PATTERNS (x = not missing)

           1  2  3  4
 X         x  x
 X&1       x     x


     MISSING DATA PATTERN FREQUENCIES

    Pattern   Frequency     Pattern   Frequency     Pattern   Frequency
          1       15032           3        5301
          2        5505           4        6680


COVARIANCE COVERAGE OF DATA

Minimum covariance coverage value   0.100


     PROPORTION OF DATA PRESENT


           Covariance Coverage
              X
              ________
 X              0.632



UNIVARIATE SAMPLE STATISTICS


     UNIVARIATE HIGHER-ORDER MOMENT DESCRIPTIVE STATISTICS

         Variable/         Mean/     Skewness/   Minimum/ % with                Percentiles
        Sample Size      Variance    Kurtosis    Maximum  Min/Max      20%/60%    40%/80%    Median

     X                     0.892       1.843       0.000   62.19%       0.000      0.000      0.000
           20537.000       2.101       3.178       7.000    0.84%       0.000      2.000


     WARNING: PROBLEMS OCCURRED IN SEVERAL ITERATIONS IN THE COMPUTATION OF THE STANDARDIZED ESTIMATES FOR SEVERAL
     CLUSTERS. THIS IS MOST LIKELY DUE TO AR COEFFICIENTS GREATER THAN 1 OR PARAMETERS GIVING NON-STATIONARY MODELS.
     SUCH POSTERIOR DRAWS ARE REMOVED. THE FOLLOWING CLUSTERS HAD SUCH PROBLEMS:
          202

THE MODEL ESTIMATION TERMINATED NORMALLY

     USE THE FBITERATIONS OPTION TO INCREASE THE NUMBER OF ITERATIONS BY A FACTOR
     OF AT LEAST TWO TO CHECK CONVERGENCE AND THAT THE PSR VALUE DOES NOT INCREASE.



MODEL FIT INFORMATION

Number of Free Parameters                               9

Information Criteria

          Deviance (DIC)                        61653.300
          Estimated Number of Parameters (pD)   12317.423



MODEL RESULTS

                                Posterior  One-Tailed         95% C.I.
                    Estimate       S.D.      P-Value   Lower 2.5%  Upper 2.5%  Significance

Within Level

Between Level

 X        WITH
    PHI                0.118       0.020      0.000       0.082       0.157      *
    LOGV               1.370       0.192      0.000       1.030       1.776      *

 PHI      WITH
    LOGV               0.234       0.047      0.000       0.150       0.338      *

 Means
    X                  0.866       0.067      0.000       0.732       0.997      *
    PHI                0.217       0.017      0.000       0.182       0.249      *
    LOGV              -1.314       0.168      0.000      -1.641      -0.983      *

 Variances
    X                  0.888       0.094      0.000       0.727       1.105      *
    PHI                0.052       0.006      0.000       0.041       0.066      *
    LOGV               5.745       0.576      0.000       4.754       7.000      *


STANDARDIZED MODEL RESULTS


STDYX Standardization

                                Posterior  One-Tailed         95% C.I.
                    Estimate       S.D.      P-Value   Lower 2.5%  Upper 2.5%  Significance

Within-Level Standardized Estimates Averaged Over Clusters

 PHI | X ON
    X&1                0.217       0.008      0.000       0.202       0.232      *

 LOGV |
    X                  0.903       0.004      0.000       0.894       0.911      *

Between Level

 X        WITH
    PHI                0.551       0.062      0.000       0.415       0.659      *
    LOGV               0.607       0.046      0.000       0.506       0.689      *

 PHI      WITH
    LOGV               0.435       0.067      0.000       0.295       0.560      *

 Means
    X                  0.918       0.084      0.000       0.753       1.078      *
    PHI                0.955       0.097      0.000       0.756       1.140      *
    LOGV              -0.549       0.075      0.000      -0.700      -0.402      *

 Variances
    X                  1.000       0.000      0.000       1.000       1.000
    PHI                1.000       0.000      0.000       1.000       1.000
    LOGV               1.000       0.000      0.000       1.000       1.000


STDY Standardization

                                Posterior  One-Tailed         95% C.I.
                    Estimate       S.D.      P-Value   Lower 2.5%  Upper 2.5%  Significance

Within-Level Standardized Estimates Averaged Over Clusters

 PHI | X ON
    X&1                0.321       0.067      0.000       0.191       0.458      *

 LOGV |
    X                  0.903       0.004      0.000       0.894       0.911      *

Between Level

 X        WITH
    PHI                0.551       0.062      0.000       0.415       0.659      *
    LOGV               0.607       0.046      0.000       0.506       0.689      *

 PHI      WITH
    LOGV               0.435       0.067      0.000       0.295       0.560      *

 Means
    X                  0.918       0.084      0.000       0.753       1.078      *
    PHI                0.955       0.097      0.000       0.756       1.140      *
    LOGV              -0.549       0.075      0.000      -0.700      -0.402      *

 Variances
    X                  1.000       0.000      0.000       1.000       1.000
    PHI                1.000       0.000      0.000       1.000       1.000
    LOGV               1.000       0.000      0.000       1.000       1.000


R-SQUARE

Within-Level R-Square Averaged Across Clusters

                                Posterior  One-Tailed         95% C.I.
    Variable        Estimate       S.D.      P-Value   Lower 2.5%  Upper 2.5%

    X                  0.097       0.004      0.000       0.089       0.106


BETWEEN-LEVEL FACTOR SCORE COMPARISONS

 Results for Factor PHI

 Ranking  Cluster    Factor Score     Ranking  Cluster    Factor Score     Ranking  Cluster    Factor Score
     1       202          0.983           2         1          0.754           3       179          0.696
     4         5          0.676           5       149          0.663           6       129          0.636
     7        85          0.633           8        87          0.626           9       147          0.620
    10        92          0.610          11       167          0.573          12        88          0.567
    13        23          0.559          14        97          0.554          15       142          0.550
    16        44          0.544          17       150          0.521          18       183          0.518
    19       201          0.514          20        12          0.511          21        64          0.508
    22       107          0.499          23       119          0.491          24        35          0.491
    25        70          0.481          26       124          0.475          27       204          0.458
    28        73          0.449          29       110          0.443          30       143          0.441
    31        65          0.437          32        22          0.433          33        37          0.433
    34       154          0.431          35        75          0.427          36       196          0.424
    37         8          0.422          38       198          0.405          39        25          0.396
    40       200          0.391          41        59          0.389          42       188          0.388
    43        30          0.379          44       136          0.376          45        53          0.375
    46       103          0.374          47        32          0.372          48       197          0.371
    49        38          0.361          50       139          0.358          51        83          0.355
    52       116          0.349          53        56          0.347          54       158          0.340
    55       126          0.331          56       171          0.326          57       135          0.325
    58       168          0.324          59       131          0.321          60         3          0.320
    61       203          0.319          62       182          0.318          63        14          0.315
    64       132          0.312          65        74          0.310          66         6          0.307
    67        91          0.303          68       151          0.296          69        61          0.295
    70       134          0.294          71       191          0.292          72        95          0.291
    73       160          0.290          74        15          0.289          75        24          0.284
    76       186          0.282          77        72          0.280          78        51          0.280
    79       156          0.275          80       123          0.266          81       114          0.265
    82       152          0.261          83       164          0.257          84         7          0.254
    85       104          0.251          86       193          0.250          87        58          0.248
    88        33          0.246          89        62          0.244          90        78          0.238
    91       138          0.237          92       169          0.232          93       153          0.232
    94       173          0.231          95       192          0.230          96       145          0.230
    97       174          0.226          98       127          0.218          99       137          0.214
   100       102          0.213         101       190          0.209         102       161          0.209
   103        36          0.208         104        66          0.192         105        42          0.167
   106        89          0.163         107       133          0.160         108       185          0.154
   109         4          0.152         110       101          0.147         111        79          0.145
   112       100          0.139         113       111          0.139         114        52          0.128
   115        21          0.127         116        20          0.123         117        18          0.123
   118       128          0.120         119        50          0.119         120       148          0.109
   121        13          0.108         122        27          0.105         123        29          0.099
   124        69          0.097         125       115          0.093         126        19          0.089
   127       155          0.083         128       130          0.076         129       144          0.075
   130       187          0.075         131       175          0.071         132       194          0.069
   133        94          0.065         134       118          0.065         135        43          0.063
   136        11          0.060         137        71          0.057         138        80          0.053
   139       140          0.050         140        10          0.049         141        17          0.039
   142       181          0.037         143        34          0.036         144       106          0.035
   145       108          0.033         146         9          0.031         147        90          0.031
   148        57          0.028         149        63          0.028         150        96          0.026
   151       109          0.026         152       184          0.025         153       162          0.024
   154       199          0.024         155        81          0.023         156        77          0.021
   157       125          0.021         158        55          0.021         159        47          0.021
   160       141          0.021         161       112          0.020         162        40          0.020
   163       165          0.020         164       176          0.020         165       177          0.019
   166        93          0.019         167       159          0.019         168        68          0.019
   169       170          0.019         170        39          0.018         171       189          0.016
   172        82          0.016         173        54          0.016         174        16          0.015
   175       178          0.015         176        45          0.014         177       117          0.014
   178        84          0.014         179        28          0.014         180       122          0.014
   181        46          0.013         182       121          0.013         183        48          0.012
   184        31          0.011         185       146          0.011         186        26          0.009
   187       172          0.009         188        86          0.009         189       163          0.007
   190        60          0.007         191       166          0.007         192        98          0.000
   193        99         -0.007         194       105         -0.007         195        76         -0.010
   196       113         -0.012         197        67         -0.015         198        41         -0.016
   199       180         -0.019         200       195         -0.020         201       157         -0.022
   202         2         -0.048         203        49         -0.049         204       120         -0.081

 Results for Factor LOGV

 Ranking  Cluster    Factor Score     Ranking  Cluster    Factor Score     Ranking  Cluster    Factor Score
     1       171          1.801           2        97          1.493           3        95          1.471
     4       132          1.452           5        72          1.393           6       169          1.383
     7       118          1.326           8         6          1.308           9       152          1.301
    10        83          1.262          11        32          1.154          12       100          1.087
    13        38          0.990          14        24          0.910          15        69          0.906
    16       196          0.906          17       103          0.880          18        33          0.849
    19        56          0.822          20       164          0.817          21        14          0.798
    22       120          0.776          23        23          0.738          24       151          0.720
    25        59          0.712          26       203          0.700          27       101          0.693
    28       119          0.692          29        12          0.686          30        50          0.646
    31       129          0.626          32        42          0.621          33       114          0.607
    34        74          0.603          35        22          0.579          36        30          0.551
    37         2          0.542          38        91          0.533          39         1          0.519
    40        44          0.482          41        80          0.480          42       124          0.473
    43       149          0.452          44       123          0.425          45        53          0.390
    46       111          0.381          47        37          0.371          48        27          0.362
    49       153          0.356          50       173          0.348          51        78          0.329
    52       125          0.324          53       168          0.322          54       144          0.293
    55       147          0.289          56        43          0.285          57       183          0.256
    58       167          0.224          59       199          0.164          60       107          0.158
    61       145          0.153          62        88          0.146          63        10          0.120
    64         8          0.094          65       204          0.089          66       150          0.085
    67        18          0.058          68        13          0.047          69         7          0.009
    70        87          0.007          71         4         -0.047          72       104         -0.048
    73       200         -0.073          74       194         -0.087          75       148         -0.100
    76        52         -0.100          77       136         -0.109          78        94         -0.117
    79       110         -0.137          80       138         -0.143          81       192         -0.145
    82        79         -0.148          83        61         -0.164          84       182         -0.178
    85       127         -0.181          86        47         -0.184          87        35         -0.193
    88        15         -0.196          89        51         -0.217          90        66         -0.233
    91        64         -0.250          92         3         -0.260          93        36         -0.277
    94       179         -0.292          95        71         -0.335          96       131         -0.350
    97       166         -0.365          98        76         -0.384          99        70         -0.436
   100        20         -0.451         101       197         -0.469         102        65         -0.472
   103       174         -0.495         104       157         -0.495         105       109         -0.521
   106        11         -0.528         107       135         -0.566         108       190         -0.586
   109       202         -0.587         110        21         -0.594         111        85         -0.607
   112        89         -0.628         113       193         -0.633         114        62         -0.648
   115        75         -0.654         116       142         -0.655         117       134         -0.710
   118       187         -0.711         119       198         -0.717         120        29         -0.721
   121       102         -0.792         122        58         -0.813         123       106         -0.816
   124       133         -0.840         125        25         -0.859         126       195         -0.903
   127       162         -0.934         128       115         -0.967         129       161         -0.989
   130       188         -0.990         131       130         -1.012         132       137         -1.027
   133        60         -1.082         134        57         -1.133         135       143         -1.185
   136        26         -1.189         137       158         -1.208         138       128         -1.232
   139       201         -1.269         140       191         -1.271         141       185         -1.334
   142       139         -1.335         143       116         -1.424         144       175         -1.433
   145       155         -1.460         146       181         -1.497         147        86         -1.670
   148       113         -1.696         149        96         -1.821         150       105         -1.962
   151       180         -1.978         152         5         -1.986         153       126         -2.057
   154        41         -2.178         155        49         -2.219         156        45         -2.257
   157        73         -2.268         158       186         -2.276         159       140         -2.423
   160        19         -2.508         161        67         -2.543         162        98         -2.814
   163        16         -2.986         164       121         -3.190         165        34         -3.202
   166        99         -3.234         167       154         -3.532         168       156         -3.610
   169        17         -3.896         170       160         -4.161         171       146         -4.569
   172        82         -4.574         173       172         -4.588         174       163         -4.599
   175         9         -4.619         176        92         -4.986         177        63         -6.213
   178       108         -6.213         179        93         -6.213         180        84         -6.213
   181        54         -6.213         182        81         -6.213         183       141         -6.213
   184        68         -6.213         185       165         -6.213         186       178         -6.213
   187       122         -6.213         188       159         -6.213         189        55         -6.213
   190       184         -6.213         191        48         -6.213         192       170         -6.213
   193        39         -6.213         194        31         -6.213         195       176         -6.213
   196       177         -6.213         197       112         -6.213         198       189         -6.214
   199        28         -6.214         200        46         -6.214         201        90         -6.214
   202       117         -6.214         203        40         -6.214         204        77         -6.214

 Results for X (referred to as plausible label B_X)

 Ranking  Cluster    Factor Score     Ranking  Cluster    Factor Score     Ranking  Cluster    Factor Score
     1        85          3.459           2        51          3.280           3        97          3.219
     4       196          3.096           5       179          3.033           6       107          2.829
     7         5          2.753           8        87          2.679           9        12          2.672
    10       129          2.665          11       149          2.651          12        72          2.597
    13        95          2.498          14       182          2.482          15       202          2.445
    16         3          2.434          17        37          2.434          18        44          2.408
    19       124          2.395          20        50          2.359          21       151          2.314
    22        32          2.267          23       125          2.229          24        74          2.223
    25       123          2.213          26         8          2.202          27       171          2.135
    28       158          2.108          29       119          2.084          30        23          2.073
    31        38          2.060          32         6          2.055          33        22          2.040
    34       185          2.039          35        24          2.035          36       145          2.024
    37        14          1.997          38        29          1.949          39       193          1.917
    40       120          1.866          41        83          1.854          42         4          1.824
    43        59          1.794          44        65          1.787          45       132          1.693
    46       203          1.687          47        33          1.661          48       197          1.619
    49       147          1.615          50       152          1.547          51       100          1.458
    52       136          1.421          53       153          1.407          54       115          1.354
    55       114          1.337          56         1          1.323          57        25          1.298
    58       110          1.263          59       195          1.262          60        91          1.261
    61        69          1.258          62       174          1.256          63       103          1.253
    64        35          1.201          65       101          1.201          66       169          1.193
    67       204          1.177          68       183          1.156          69       167          1.152
    70        94          1.131          71        52          1.131          72       164          1.111
    73        64          1.107          74        20          0.946          75       190          0.926
    76        61          0.908          77        30          0.903          78       102          0.856
    79        88          0.838          80        71          0.796          81       118          0.774
    82       134          0.772          83        56          0.768          84       131          0.757
    85        80          0.750          86        10          0.722          87        78          0.713
    88        53          0.693          89         2          0.677          90       111          0.649
    91       135          0.632          92       173          0.625          93        66          0.617
    94        58          0.604          95       104          0.581          96       168          0.571
    97       144          0.567          98       200          0.565          99        18          0.550
   100        42          0.547         101       150          0.501         102         7          0.481
   103       138          0.473         104       194          0.456         105        79          0.447
   106        13          0.438         107        75          0.422         108        70          0.414
   109       192          0.392         110       133          0.385         111       166          0.376
   112       199          0.376         113       198          0.360         114        15          0.352
   115        27          0.338         116       157          0.335         117        89          0.331
   118       137          0.321         119        43          0.312         120       142          0.312
   121       109          0.303         122        36          0.297         123       130          0.281
   124       148          0.279         125       191          0.276         126       106          0.274
   127       161          0.273         128        11          0.272         129        21          0.271
   130        76          0.267         131       127          0.265         132       139          0.261
   133       155          0.256         134       116          0.253         135        47          0.233
   136       188          0.223         137       201          0.200         138       143          0.185
   139       126          0.177         140       175          0.165         141        62          0.159
   142       128          0.144         143        26          0.142         144       105          0.142
   145        60          0.141         146        41          0.129         147        57          0.123
   148        49          0.121         149       180          0.111         150       186          0.103
   151       113          0.099         152       181          0.092         153        19          0.089
   154       162          0.080         155       187          0.077         156        73          0.070
   157        86          0.069         158        67          0.063         159        45          0.043
   160        96          0.043         161        98          0.040         162        99          0.039
   163       154          0.038         164       140          0.032         165        16          0.030
   166       156          0.029         167        34          0.023         168        17          0.021
   169       121          0.021         170       146          0.010         171       172          0.010
   172         9          0.010         173        82          0.010         174       163          0.009
   175       160          0.006         176        92          0.004         177       112          0.000
   178        28          0.000         179       177          0.000         180       189          0.000
   181        90          0.000         182       117          0.000         183        48          0.000
   184       170          0.000         185        68          0.000         186       108          0.000
   187        55          0.000         188       184          0.000         189        39          0.000
   190        31          0.000         191       141          0.000         192        40          0.000
   193       159          0.000         194        93          0.000         195        54          0.000
   196        84          0.000         197       176          0.000         198        77          0.000
   199       178          0.000         200       165          0.000         201        63          0.000
   202       122          0.000         203        46          0.000         204        81          0.000


TECHNICAL 1 OUTPUT


     PARAMETER SPECIFICATION FOR WITHIN


           NU
              X             X&1
              ________      ________
                    0             0


           LAMBDA
              X             X&1
              ________      ________
 X                  0             0
 X&1                0             0


           THETA
              X             X&1
              ________      ________
 X                  0
 X&1                0             0


           ALPHA
              X             X&1
              ________      ________
                    0             0


           BETA
              X             X&1
              ________      ________
 X                  0             0
 X&1                0             0


           PSI
              X             X&1
              ________      ________
 X                  0
 X&1                0             0


     PARAMETER SPECIFICATION FOR BETWEEN


           NU
              X
              ________
                    0


           LAMBDA
              PHI           LOGV          X
              ________      ________      ________
 X                  0             0             0


           THETA
              X
              ________
 X                  0


           ALPHA
              PHI           LOGV          X
              ________      ________      ________
                    1             2             3


           BETA
              PHI           LOGV          X
              ________      ________      ________
 PHI                0             0             0
 LOGV               0             0             0
 X                  0             0             0


           PSI
              PHI           LOGV          X
              ________      ________      ________
 PHI                4
 LOGV               5             6
 X                  7             8             9


     STARTING VALUES FOR WITHIN


           NU
              X             X&1
              ________      ________
                0.000         0.000


           LAMBDA
              X             X&1
              ________      ________
 X              1.000         0.000
 X&1            0.000         1.000


           THETA
              X             X&1
              ________      ________
 X              0.000
 X&1            0.000         0.000


           ALPHA
              X             X&1
              ________      ________
                0.000         0.000


           BETA
              X             X&1
              ________      ________
 X              0.000         0.000
 X&1            0.000         0.000


           PSI
              X             X&1
              ________      ________
 X              0.000
 X&1            0.000         1.049


     STARTING VALUES FOR BETWEEN


           NU
              X
              ________
                0.000


           LAMBDA
              PHI           LOGV          X
              ________      ________      ________
 X              0.000         0.000         1.000


           THETA
              X
              ________
 X              0.000


           ALPHA
              PHI           LOGV          X
              ________      ________      ________
                0.000         0.000         0.892


           BETA
              PHI           LOGV          X
              ________      ________      ________
 PHI            0.000         0.000         0.000
 LOGV           0.000         0.000         0.000
 X              0.000         0.000         0.000


           PSI
              PHI           LOGV          X
              ________      ________      ________
 PHI            1.000
 LOGV           0.000         1.000
 X              0.000         0.000         1.051



     PRIORS FOR ALL PARAMETERS            PRIOR MEAN      PRIOR VARIANCE     PRIOR STD. DEV.

     Parameter 1~N(0.000,infinity)           0.0000            infinity            infinity
     Parameter 2~N(0.000,infinity)           0.0000            infinity            infinity
     Parameter 3~N(0.000,infinity)           0.0000            infinity            infinity
     Parameter 4~IW(0.000,-4)              infinity            infinity            infinity
     Parameter 5~IW(0.000,-4)              infinity            infinity            infinity
     Parameter 6~IW(0.000,-4)              infinity            infinity            infinity
     Parameter 7~IW(0.000,-4)              infinity            infinity            infinity
     Parameter 8~IW(0.000,-4)              infinity            infinity            infinity
     Parameter 9~IW(0.000,-4)              infinity            infinity            infinity


TECHNICAL 2 OUTPUT


TECHNICAL 3 OUTPUT


           ESTIMATED COVARIANCE MATRIX FOR PARAMETER ESTIMATES
                     1             2             3             4             5
              ________      ________      ________      ________      ________
        1   0.303243D-03
        2   0.111479D-02  0.283039D-01
        3   0.573716D-03  0.676933D-02  0.443802D-02
        4  -0.532720D-05  0.110025D-04 -0.339096D-05  0.391271D-04
        5  -0.194184D-04  0.959434D-05 -0.223709D-05  0.151406D-03  0.225353D-02
        6  -0.254633D-04 -0.198442D-02  0.203844D-03  0.528874D-03  0.143923D-01
        7  -0.155307D-04 -0.632696D-04  0.219154D-04  0.734729D-04  0.609272D-03
        8  -0.181356D-04 -0.550199D-03  0.392759D-03  0.269224D-03  0.525530D-02
        9  -0.372339D-04 -0.473692D-03  0.237455D-03  0.130175D-03  0.166469D-02


           ESTIMATED COVARIANCE MATRIX FOR PARAMETER ESTIMATES
                     6             7             8             9
              ________      ________      ________      ________
        6   0.331846D+00
        7   0.346864D-02  0.388632D-03
        8   0.814117D-01  0.196578D-02  0.368172D-01
        9   0.193057D-01  0.115614D-02  0.130115D-01  0.880102D-02


           ESTIMATED CORRELATION MATRIX FOR PARAMETER ESTIMATES
                     1             2             3             4             5
              ________      ________      ________      ________      ________
        1       1.000
        2       0.381         1.000
        3       0.495         0.604         1.000
        4      -0.049         0.010        -0.008         1.000
        5      -0.023         0.001        -0.001         0.510         1.000
        6      -0.003        -0.020         0.005         0.147         0.526
        7      -0.045        -0.019         0.017         0.596         0.651
        8      -0.005        -0.017         0.031         0.224         0.577
        9      -0.023        -0.030         0.038         0.222         0.374


           ESTIMATED CORRELATION MATRIX FOR PARAMETER ESTIMATES
                     6             7             8             9
              ________      ________      ________      ________
        6       1.000
        7       0.305         1.000
        8       0.737         0.520         1.000
        9       0.357         0.625         0.723         1.000


TECHNICAL 8 OUTPUT


   TECHNICAL 8 OUTPUT FOR BAYES ESTIMATION

     CHAIN    BSEED
     1        0
     2        285380

                     POTENTIAL       PARAMETER WITH
     ITERATION    SCALE REDUCTION      HIGHEST PSR
     100              1.056               6
     200              1.000               1
     300              1.007               6
     400              1.000               6
     500              1.002               5
     600              1.008               5
     700              1.002               5
     800              1.001               5
     900              1.003               6
     1000             1.002               5
     1100             1.002               5
     1200             1.001               6
     1300             1.000               5
     1400             1.000               1
     1500             1.000               5
     1600             1.001               5
     1700             1.000               5
     1800             1.001               5
     1900             1.000               3
     2000             1.001               3


SUMMARIES OF PLAUSIBLE VALUES (N = NUMBER OF OBSERVATIONS * NUMBER OF IMPUTATIONS)


     SAMPLE STATISTICS


           Means
              PHI           LOGV          B_X
              ________      ________      ________
                0.222        -1.237         0.907


           Covariances
              PHI           LOGV          B_X
              ________      ________      ________
 PHI            0.050
 LOGV           0.221         5.341
 B_X            0.117         1.304         0.888


           Correlations
              PHI           LOGV          B_X
              ________      ________      ________
 PHI            1.000
 LOGV           0.428         1.000
 B_X            0.558         0.599         1.000


SUMMARY OF PLAUSIBLE STANDARD DEVIATION (N = NUMBER OF OBSERVATIONS)


     SAMPLE STATISTICS


           Means
              PHI_SD        LOGV_SD       B_X_SD
              ________      ________      ________
                0.094         0.126         0.114


           Covariances
              PHI_SD        LOGV_SD       B_X_SD
              ________      ________      ________
 PHI_SD         0.000
 LOGV_SD        0.000         0.002
 B_X_SD         0.000         0.002         0.008


           Correlations
              PHI_SD        LOGV_SD       B_X_SD
              ________      ________      ________
 PHI_SD         1.000
 LOGV_SD       -0.028         1.000
 B_X_SD        -0.257         0.444         1.000


PLOT INFORMATION

The following plots are available:

  Histograms (sample values, estimated factor scores)
  Scatterplots (sample values, estimated factor scores)
  Between-level histograms (sample values, sample/estimated means/variances, estimated factor scores)
  Between-level scatterplots (sample values, sample/estimated means/variances, estimated factor scores)
  Time series plots (sample values, ACF, PACF, estimated factor scores)
  Histogram of subjects per time point
  Time interval plots
  Bayesian posterior parameter distributions
  Bayesian posterior parameter trace plots
  Bayesian autocorrelation plots
  Latent variable distribution plots

DIAGRAM INFORMATION

  Mplus diagrams are currently not available for multilevel analysis.
  No diagram output was produced.


     Beginning Time:  13:15:14
        Ending Time:  13:37:51
       Elapsed Time:  00:22:37



MUTHEN & MUTHEN
3463 Stoner Ave.
Los Angeles, CA  90066

Tel: (310) 391-9971
Fax: (310) 391-8971
Web: www.StatModel.com
Support: Support@StatModel.com

Copyright (c) 1998-2021 Muthen & Muthen